{"meta": {"software": "slipcover", "version": "1.0.17", "timestamp": "2026-02-26T06:04:22.186469", "branch_coverage": false, "show_contexts": false}, "files": {"tests\\__init__.py": {"executed_lines": [], "missing_lines": [], "summary": {"covered_lines": 0, "missing_lines": 0, "percent_covered": 100.0}}, "tests\\conftest.py": {"executed_lines": [1, 18, 19, 20, 24, 38, 39, 42, 43, 50, 51, 63, 70, 73, 76, 79, 83, 84, 85, 87, 88, 89, 90, 91, 94, 95, 106, 107, 108, 109, 110, 111, 112, 113, 115, 118, 120, 123, 124, 130, 131, 134, 135, 150, 151, 154, 157, 160, 163, 164, 166, 169], "missing_lines": [40, 41, 65, 66, 67, 68], "summary": {"covered_lines": 52, "missing_lines": 6, "percent_covered": 89.65517241379311}}, "tests\\integration\\__init__.py": {"executed_lines": [], "missing_lines": [], "summary": {"covered_lines": 0, "missing_lines": 0, "percent_covered": 100.0}}, "tests\\integration\\controller\\__init__.py": {"executed_lines": [], "missing_lines": [], "summary": {"covered_lines": 0, "missing_lines": 0, "percent_covered": 100.0}}, "tests\\integration\\controller\\test_dataset_controller.py": {"executed_lines": [1, 5, 6, 8, 10, 13, 16, 17, 20, 21, 22, 25, 26, 27, 30, 31, 32, 34, 37, 38, 40, 42, 44, 46, 47, 48, 50, 51, 52, 54, 57, 58, 60, 62, 63, 64, 66, 69, 71, 74, 75, 78, 80, 81, 85, 86, 88, 90, 94, 96, 97, 98, 100, 102, 103, 105, 106, 107, 110, 111, 113, 115, 116, 120, 121, 123, 124, 126, 127], "missing_lines": [33], "summary": {"covered_lines": 69, "missing_lines": 1, "percent_covered": 98.57142857142857}}, "XBrainLab\\__init__.py": {"executed_lines": [1, 7, 9, 11, 12, 16], "missing_lines": [13, 14], "summary": {"covered_lines": 6, "missing_lines": 2, "percent_covered": 75.0}}, "XBrainLab\\backend\\__init__.py": {"executed_lines": [1], "missing_lines": [], "summary": {"covered_lines": 1, "missing_lines": 0, "percent_covered": 100.0}}, "XBrainLab\\backend\\study.py": {"executed_lines": [1, 3, 4, 5, 6, 7, 8, 9, 10, 11, 12, 13, 14, 17, 18, 43, 44, 47, 48, 49, 51, 54, 56, 63, 64, 65, 67, 68, 71, 72, 73, 75, 76, 79, 80, 81, 83, 84, 85, 87, 88, 89, 91, 92, 93, 95, 96, 99, 100, 101, 103, 104, 108, 122, 123, 124, 125, 126, 127, 128, 129, 130, 131, 132, 134, 135, 138, 140, 142, 144, 146, 148, 149, 150, 155, 156, 159, 161, 162, 163, 165, 166, 167, 170, 172, 174, 182, 185, 198, 200, 201, 203, 206, 207, 210, 212, 213, 214, 222, 224, 226, 228, 229, 230, 238, 240, 242, 250, 251, 253, 254, 255, 256, 257, 258, 260, 261, 262, 263, 264, 265, 266, 269, 273, 274, 277, 284, 285, 287, 288, 290, 292, 293, 294, 295, 297, 299, 300, 301, 304, 313, 314, 315, 316, 317, 318, 319, 322, 324, 325, 326, 328, 330, 332, 334, 335, 336, 337, 342, 344, 346, 350, 352, 354, 358, 362, 364, 366, 368, 369, 371, 373, 374, 376, 383, 384, 385, 389, 390, 391], "missing_lines": [69, 77, 97, 105, 199, 270, 271, 348, 356, 360], "summary": {"covered_lines": 180, "missing_lines": 10, "percent_covered": 94.73684210526316}}, "XBrainLab\\backend\\controller\\__init__.py": {"executed_lines": [1], "missing_lines": [], "summary": {"covered_lines": 1, "missing_lines": 0, "percent_covered": 100.0}}, "XBrainLab\\backend\\controller\\dataset_controller.py": {"executed_lines": [1, 9, 10, 11, 12, 13, 14, 15, 18, 19, 39, 40, 41, 42, 44, 51, 53, 63, 65, 72, 74, 95, 96, 97, 99, 100, 101, 103, 105, 106, 108, 110, 111, 112, 114, 115, 116, 118, 119, 120, 122, 124, 125, 126, 127, 128, 129, 130, 131, 132, 134, 135, 136, 138, 140, 142, 144, 145, 147, 159, 160, 161, 164, 165, 167, 168, 169, 170, 171, 173, 175, 176, 178, 184, 199, 200, 201, 202, 203, 204, 206, 207, 208, 210, 225, 226, 228, 229, 230, 231, 232, 234, 235, 236, 237, 240, 250, 251, 252, 253, 254, 255, 256, 261, 263, 278, 279, 280, 281, 282, 283, 284, 285, 286, 287, 288, 290, 291, 293, 295, 314, 315, 317, 319, 320, 321, 322, 325, 326, 327, 328, 329, 330, 332, 339, 341, 343, 344, 345, 348, 358, 359, 361, 382, 383, 384, 385, 386, 387, 389, 390, 391, 393, 399, 414, 415, 416, 417, 418, 419, 421, 422, 423, 425, 436, 438, 449, 450], "missing_lines": [], "summary": {"covered_lines": 168, "missing_lines": 0, "percent_covered": 100.0}}, "XBrainLab\\backend\\preprocessor\\__init__.py": {"executed_lines": [1, 3, 4, 5, 6, 7, 8, 9, 10, 11, 12, 14], "missing_lines": [], "summary": {"covered_lines": 12, "missing_lines": 0, "percent_covered": 100.0}}, "XBrainLab\\backend\\preprocessor\\base.py": {"executed_lines": [1, 3, 5, 6, 9, 10, 21, 34, 35, 37, 46, 47, 48, 50, 52, 54, 68, 70, 88, 89, 90, 91, 93, 105], "missing_lines": [], "summary": {"covered_lines": 24, "missing_lines": 0, "percent_covered": 100.0}}, "XBrainLab\\backend\\load_data\\__init__.py": {"executed_lines": [1, 3, 5, 8, 9, 10, 13, 14, 22, 23, 26], "missing_lines": [], "summary": {"covered_lines": 11, "missing_lines": 0, "percent_covered": 100.0}}, "XBrainLab\\backend\\load_data\\raw_data_loader.py": {"executed_lines": [1, 8, 10, 11, 12, 14, 17, 33, 36, 37, 38, 39, 40, 42, 44, 45, 46, 47, 48, 49, 50, 52, 53, 54, 55, 56, 57, 58, 60, 62, 63, 68, 81, 83, 85, 87, 88, 90, 91, 92, 97, 110, 111, 112, 113, 114, 115, 116, 117, 120, 133, 134, 135, 136, 137, 138, 139, 140, 143, 156, 157, 158, 159, 160, 161, 162, 166, 179, 180, 181, 182, 183, 184, 185, 189, 202, 203, 204, 205, 206, 207, 208, 209, 210, 211, 213, 218, 219, 220, 221, 222, 223, 224, 227, 242, 243, 244, 245], "missing_lines": [65, 94, 163, 186, 214], "summary": {"covered_lines": 98, "missing_lines": 5, "percent_covered": 95.14563106796116}}, "XBrainLab\\backend\\exceptions.py": {"executed_lines": [1, 4, 5, 8, 9, 17, 18, 19, 20, 23, 24, 32, 33, 34, 35, 38, 39, 46, 47, 48], "missing_lines": [], "summary": {"covered_lines": 20, "missing_lines": 0, "percent_covered": 100.0}}, "XBrainLab\\backend\\load_data\\factory.py": {"executed_lines": [1, 3, 4, 5, 7, 8, 9, 12, 13, 24, 26, 27, 29, 30, 31, 40, 42, 43, 56, 57, 59, 60, 62, 64, 65, 79, 80, 82, 84, 85, 86, 93, 94], "missing_lines": [], "summary": {"covered_lines": 33, "missing_lines": 0, "percent_covered": 100.0}}, "XBrainLab\\backend\\load_data\\raw.py": {"executed_lines": [1, 3, 5, 7, 8, 10, 11, 12, 15, 16, 33, 41, 42, 43, 44, 45, 46, 47, 48, 49, 50, 52, 54, 56, 58, 60, 62, 64, 66, 68, 70, 72, 79, 81, 88, 89, 91, 92, 93, 94, 96, 98, 100, 102, 104, 106, 108, 110, 112, 121, 122, 123, 124, 125, 126, 127, 128, 129, 131, 132, 133, 134, 136, 147, 148, 149, 150, 153, 159, 160, 161, 162, 163, 165, 172, 173, 174, 177, 179, 181, 183, 184, 185, 187, 189, 191, 193, 195, 197, 199, 201, 202, 203, 205, 207, 209, 211, 214, 223, 224, 225, 226, 227, 228, 229, 232, 233, 234, 236, 237, 238, 239, 247, 249, 256, 257, 258, 260, 262, 263, 265, 267, 268, 269, 271, 273, 274, 275, 276, 279, 287, 288, 289, 290, 291, 292, 293, 294, 295, 296, 297, 298, 301, 309, 312, 315, 316, 317, 318, 320, 321, 322, 323, 325], "missing_lines": [154, 155, 235, 240, 241, 242, 243, 245], "summary": {"covered_lines": 154, "missing_lines": 8, "percent_covered": 95.06172839506173}}, "XBrainLab\\backend\\utils\\__init__.py": {"executed_lines": [1, 3, 4, 6], "missing_lines": [], "summary": {"covered_lines": 4, "missing_lines": 0, "percent_covered": 100.0}}, "XBrainLab\\backend\\utils\\check.py": {"executed_lines": [1, 3, 6, 16, 19, 36, 37, 38, 39, 40, 41, 43, 44, 45, 46, 47, 51, 69, 70, 71, 74, 90, 91, 92, 93, 94, 96, 97, 99, 100, 101], "missing_lines": [], "summary": {"covered_lines": 31, "missing_lines": 0, "percent_covered": 100.0}}, "XBrainLab\\backend\\utils\\seed.py": {"executed_lines": [1, 3, 5, 7, 8, 9, 12, 28, 29, 32, 34, 35, 45, 46, 48, 51, 58, 61, 69, 71, 72, 73], "missing_lines": [36, 37, 38, 39, 40, 42, 43], "summary": {"covered_lines": 22, "missing_lines": 7, "percent_covered": 75.86206896551724}}, "XBrainLab\\backend\\utils\\filename_parser.py": {"executed_lines": [1, 3, 4, 6, 9, 10, 16, 17, 18, 19, 32, 33, 35, 36, 39, 40, 42, 43, 44, 45, 47, 49, 50, 51, 52, 66, 68, 69, 71, 72, 73, 74, 75, 76, 77, 78, 79, 80, 83, 85, 86, 100, 101, 103, 104, 105, 106, 107, 111, 112, 113, 116, 117, 120, 122, 123, 124, 125, 139, 140, 141, 143, 145, 146, 147, 148, 149, 152, 153, 154, 155, 156, 159, 161, 162, 177, 179, 180, 182, 183, 184, 186, 189, 190, 191, 192, 193, 194, 195, 196, 197], "missing_lines": [81, 82, 118, 119, 157, 158, 187], "summary": {"covered_lines": 91, "missing_lines": 7, "percent_covered": 92.85714285714286}}, "XBrainLab\\backend\\utils\\logger.py": {"executed_lines": [1, 3, 4, 5, 6, 9, 22, 23, 26, 27, 31, 32, 33, 35, 38, 39, 40, 43, 44, 50, 51, 52, 53, 58, 59, 63, 64, 65, 66, 67, 69, 70, 73, 74, 75, 77, 78, 80, 84], "missing_lines": [24], "summary": {"covered_lines": 39, "missing_lines": 1, "percent_covered": 97.5}}, "XBrainLab\\backend\\load_data\\data_loader.py": {"executed_lines": [1, 3, 5, 7, 8, 10, 14, 15, 29, 30, 31, 32, 33, 34, 35, 37, 44, 45, 46, 47, 49, 56, 57, 58, 64, 65, 67, 80, 82, 83, 85, 86, 87, 90, 91, 92, 95, 96, 98, 99, 101, 102, 105, 112, 113, 115, 124, 126, 127, 128], "missing_lines": [11], "summary": {"covered_lines": 50, "missing_lines": 1, "percent_covered": 98.03921568627452}}, "XBrainLab\\backend\\load_data\\event_loader.py": {"executed_lines": [1, 3, 5, 7, 8, 10, 12, 13, 16, 17, 36, 43, 44, 45, 46, 47, 48, 50, 63, 66, 68, 71, 72, 74, 75, 76, 77, 78, 81, 82, 85, 104, 105, 108, 109, 176, 177, 179, 182, 204, 205, 208, 209, 210, 211, 214, 215, 216, 218, 219, 220, 221, 224, 225, 226, 227, 229, 231, 232, 233, 234, 236, 237, 241, 245, 246, 248, 249, 250, 252, 253, 254, 257, 260, 261, 263, 266, 270, 274, 275, 276, 279, 280, 281, 282, 286, 287, 295, 296, 297, 300, 301, 302, 303, 304, 305, 306, 308, 309, 310, 312, 319, 324, 325, 327], "missing_lines": [64, 83, 238, 239, 240, 267, 268, 320, 322, 323], "summary": {"covered_lines": 105, "missing_lines": 10, "percent_covered": 91.30434782608695}}, "XBrainLab\\backend\\preprocessor\\channel_selection.py": {"executed_lines": [1, 3, 4, 7, 8, 15, 25, 27, 39, 40, 41], "missing_lines": [], "summary": {"covered_lines": 11, "missing_lines": 0, "percent_covered": 100.0}}, "XBrainLab\\backend\\preprocessor\\edit_event.py": {"executed_lines": [1, 3, 5, 7, 8, 9, 12, 13, 20, 27, 28, 29, 30, 32, 42, 43, 44, 46, 48, 61, 62, 63, 64, 65, 66, 68, 69, 70, 71, 72, 73, 75, 78, 79, 86, 93, 94, 95, 96, 98, 108, 110, 122, 124, 125, 126, 127, 128, 130, 131, 133, 134, 135, 137, 138, 141, 142, 143, 145, 146, 147, 148, 149, 151, 153, 154, 155, 157, 159, 160, 161, 162, 164], "missing_lines": [], "summary": {"covered_lines": 73, "missing_lines": 0, "percent_covered": 100.0}}, "XBrainLab\\backend\\preprocessor\\export.py": {"executed_lines": [1, 3, 5, 7, 10, 11, 18, 30, 32, 33, 34, 35, 37, 39, 42, 43, 44, 45, 46, 47, 49, 50, 51, 52, 53, 55], "missing_lines": [], "summary": {"covered_lines": 26, "missing_lines": 0, "percent_covered": 100.0}}, "XBrainLab\\backend\\preprocessor\\filtering.py": {"executed_lines": [1, 3, 5, 6, 9, 10, 16, 31, 32, 33, 35, 36, 38, 40, 42, 43, 44, 45, 57, 58, 61, 62, 65, 66, 67, 68, 70], "missing_lines": [], "summary": {"covered_lines": 27, "missing_lines": 0, "percent_covered": 100.0}}, "XBrainLab\\backend\\preprocessor\\normalize.py": {"executed_lines": [1, 3, 5, 8, 9, 19, 29, 31, 39, 41, 42, 43, 44, 45, 46, 47, 48, 49, 50, 53, 54, 55, 56, 57, 59, 60, 61, 62, 63, 65, 66, 67, 69, 70, 71, 72, 73, 74, 75, 77, 78, 80, 81, 82, 83, 84, 86, 87, 88, 90, 91, 93], "missing_lines": [95, 96], "summary": {"covered_lines": 52, "missing_lines": 2, "percent_covered": 96.29629629629629}}, "XBrainLab\\backend\\preprocessor\\rereference.py": {"executed_lines": [1, 3, 4, 7, 8, 15, 26, 27, 28, 30, 39, 43, 44, 45], "missing_lines": [], "summary": {"covered_lines": 14, "missing_lines": 0, "percent_covered": 100.0}}, "XBrainLab\\backend\\preprocessor\\resample.py": {"executed_lines": [1, 3, 5, 6, 9, 10, 17, 27, 29, 37, 38, 39, 40, 48, 49, 51, 52, 53, 55, 56, 58, 59], "missing_lines": [], "summary": {"covered_lines": 22, "missing_lines": 0, "percent_covered": 100.0}}, "XBrainLab\\backend\\preprocessor\\time_epoch.py": {"executed_lines": [1, 3, 4, 6, 7, 10, 11, 18, 25, 26, 27, 28, 29, 30, 31, 32, 35, 37, 38, 39, 40, 55, 57, 59, 60, 61, 62, 63, 80, 82, 83, 85, 87, 88, 89, 91, 92, 93, 94, 95, 97, 99, 100, 101, 102, 103, 106, 111, 112, 113, 114, 115, 116, 117, 118, 119, 124, 125, 127], "missing_lines": [107, 108], "summary": {"covered_lines": 59, "missing_lines": 2, "percent_covered": 96.72131147540983}}, "XBrainLab\\backend\\preprocessor\\window_epoch.py": {"executed_lines": [1, 3, 5, 6, 9, 10, 16, 24, 25, 26, 27, 28, 29, 30, 31, 33, 34, 35, 36, 39, 50, 52, 62, 63, 64, 65, 66, 67, 68, 69, 70, 71, 73, 74, 75], "missing_lines": [], "summary": {"covered_lines": 35, "missing_lines": 0, "percent_covered": 100.0}}, "XBrainLab\\backend\\services\\label_import_service.py": {"executed_lines": [1, 3, 5, 7, 8, 11, 12, 19, 20, 22, 24, 25, 26, 27, 28, 29, 43, 45, 46, 47, 48, 49, 50, 51, 52, 53, 54, 55, 56, 58, 59, 60, 61, 62, 66, 68, 70, 71, 72, 73, 74, 75, 94, 95, 96, 99, 100, 101, 102, 103, 104, 106, 107, 108, 109, 110, 111, 113, 115, 117, 118, 119, 123, 124, 125, 127, 128, 129, 131, 132, 133, 134, 135, 137, 138, 141, 143, 145, 146, 147, 148, 163, 164, 167, 168, 171, 172, 175, 177, 180, 181, 182, 183, 184, 185, 186, 187, 189, 190, 191, 194, 196, 197, 198, 200, 202, 203, 204, 205, 216, 217, 220, 221, 222, 223, 224, 225, 226, 227, 229, 230, 231, 234, 235, 237, 239, 241, 242, 243, 255, 256, 257, 258, 259, 260, 261, 263, 264, 265, 266, 267, 268], "missing_lines": [], "summary": {"covered_lines": 142, "missing_lines": 0, "percent_covered": 100.0}}, "XBrainLab\\backend\\utils\\observer.py": {"executed_lines": [1, 3, 5, 8, 9, 19, 21, 23, 31, 32, 33, 34, 36, 44, 45, 47, 56, 57, 58, 60, 70, 71, 72, 75], "missing_lines": [], "summary": {"covered_lines": 24, "missing_lines": 0, "percent_covered": 100.0}}, "XBrainLab\\backend\\controller\\evaluation_controller.py": {"executed_lines": [1, 7, 9, 11, 13, 14, 15, 16, 18, 22, 23, 37, 44, 45, 47, 56, 65, 73, 74, 75, 77, 102, 103, 104, 106, 107, 109, 110, 111, 112, 114, 118, 119, 125, 126, 128, 130, 133, 154, 155, 159, 160, 164, 165, 166, 172, 174, 176, 177, 180, 181, 183, 184, 185, 187], "missing_lines": [19, 54, 63, 115], "summary": {"covered_lines": 55, "missing_lines": 4, "percent_covered": 93.22033898305085}}, "XBrainLab\\backend\\training\\__init__.py": {"executed_lines": [1, 3, 4, 11, 12, 14], "missing_lines": [], "summary": {"covered_lines": 6, "missing_lines": 0, "percent_covered": 100.0}}, "XBrainLab\\backend\\training\\model_holder.py": {"executed_lines": [1, 3, 5, 8, 9, 20, 24, 26, 27, 28, 30, 38, 39, 40, 41, 43, 44, 46, 59, 60, 61, 62, 64], "missing_lines": [], "summary": {"covered_lines": 23, "missing_lines": 0, "percent_covered": 100.0}}, "XBrainLab\\backend\\training\\option.py": {"executed_lines": [1, 3, 5, 6, 9, 10, 20, 21, 22, 23, 26, 41, 42, 43, 44, 45, 48, 59, 60, 61, 64, 65, 83, 85, 86, 87, 88, 89, 90, 91, 92, 93, 94, 95, 117, 118, 119, 120, 121, 122, 123, 124, 125, 126, 127, 128, 129, 130, 132, 141, 142, 143, 144, 145, 146, 147, 148, 149, 150, 151, 153, 155, 156, 157, 158, 160, 162, 163, 164, 165, 166, 167, 168, 169, 170, 171, 172, 173, 175, 176, 178, 179, 180, 181, 182, 183, 184, 186, 199, 201, 203, 210, 212, 214, 223, 231, 233, 235, 247, 255, 257, 264, 265, 266, 268, 275, 276, 277, 279, 286, 289, 290, 303, 305, 315, 316, 317, 318, 319, 320, 321, 322, 323, 324, 325, 326, 328, 330, 337, 338, 339, 340, 341, 342, 343, 345, 347, 348, 349, 350, 352, 354, 355, 356, 357, 359, 360, 362, 363, 364, 365, 366, 368, 378, 380, 387, 389, 396, 398, 405, 407, 414, 415, 416, 418, 425, 426, 427, 429, 436], "missing_lines": [200, 211, 221, 232, 243, 244, 245], "summary": {"covered_lines": 170, "missing_lines": 7, "percent_covered": 96.045197740113}}, "XBrainLab\\backend\\training\\trainer.py": {"executed_lines": [1, 3, 4, 6, 7, 8, 11, 12, 22, 23, 24, 25, 28, 29, 43, 54, 55, 56, 57, 59, 60, 61, 62, 63, 65, 72, 74, 81, 83, 90, 91, 92, 93, 94, 96, 103, 104, 105, 106, 108, 109, 111, 113, 114, 115, 116, 117, 119, 120, 121, 122, 123, 124, 126, 134, 135, 137, 138, 139, 140, 142, 144, 151, 152, 153, 155, 162, 164, 176, 177, 178, 179, 181, 188, 190, 191, 193, 195, 197, 198, 199, 200, 202, 204, 205, 206, 207, 209, 223, 224, 225, 226, 227, 228, 229], "missing_lines": [], "summary": {"covered_lines": 95, "missing_lines": 0, "percent_covered": 100.0}}, "XBrainLab\\backend\\training\\training_plan.py": {"executed_lines": [1, 3, 5, 6, 7, 8, 9, 11, 12, 13, 15, 19, 20, 21, 22, 23, 24, 25, 28, 29, 42, 58, 59, 60, 61, 63, 70, 72, 82, 84, 85, 86, 89, 95, 112, 113, 117, 119, 120, 123, 124, 135, 136, 137, 138, 139, 142, 143, 167, 191, 192, 193, 195, 196, 197, 198, 199, 201, 204, 206, 207, 208, 209, 210, 211, 212, 213, 214, 216, 219, 220, 221, 222, 223, 224, 225, 226, 227, 228, 229, 230, 231, 232, 233, 234, 238, 246, 247, 248, 250, 251, 252, 253, 255, 256, 257, 258, 261, 268, 269, 270, 271, 273, 274, 275, 276, 277, 278, 280, 281, 282, 283, 284, 287, 288, 289, 290, 293, 307, 308, 311, 312, 315, 316, 317, 319, 320, 321, 322, 323, 324, 325, 327, 328, 329, 330, 331, 332, 334, 335, 336, 337, 338, 339, 341, 343, 367, 370, 371, 372, 373, 374, 375, 376, 377, 379, 381, 382, 385, 386, 387, 388, 389, 390, 392, 399, 400, 402, 403, 404, 405, 406, 407, 408, 410, 411, 412, 413, 415, 416, 417, 418, 419, 420, 421, 422, 425, 426, 427, 428, 429, 430, 435, 441, 442, 443, 444, 445, 447, 449, 451, 473, 474, 477, 478, 479, 480, 481, 483, 484, 487, 490, 491, 493, 494, 495, 496, 497, 498, 499, 503, 504, 505, 507, 508, 509, 511, 513, 514, 515, 517, 520, 522, 535, 536, 537, 538, 539, 541, 542, 543, 544, 545, 546, 547, 548, 550, 551, 552, 553, 554, 556, 557, 559, 561, 573, 574, 575, 576, 577, 580, 581, 582, 583, 587, 588, 590, 592, 594, 596, 598, 599, 602, 609, 611, 618, 620, 627, 629, 639, 664, 671, 672, 673, 675, 682, 683, 684, 685, 687, 694, 696, 704, 706, 707, 708, 709, 710, 711, 712, 713, 714, 715, 716, 717, 718, 719, 720, 721, 722, 723, 724, 725, 726, 727, 729, 736, 738, 745, 746, 747, 748, 750], "missing_lines": [249, 291, 414, 436, 437, 438, 439, 636, 646, 647, 648, 649, 650, 651, 652, 653, 655, 656, 657, 658, 659, 661, 760, 762, 763, 764, 766, 767, 768, 770, 771, 772], "summary": {"covered_lines": 323, "missing_lines": 32, "percent_covered": 90.98591549295774}}, "XBrainLab\\backend\\dataset\\__init__.py": {"executed_lines": [1, 3, 4, 5, 6, 7, 9], "missing_lines": [], "summary": {"covered_lines": 7, "missing_lines": 0, "percent_covered": 100.0}}, "XBrainLab\\backend\\dataset\\data_splitter.py": {"executed_lines": [1, 3, 5, 6, 9, 10, 24, 27, 28, 29, 40, 41, 42, 43, 44, 45, 46, 47, 49, 57, 58, 59, 60, 63, 64, 65, 66, 67, 68, 69, 71, 72, 74, 75, 76, 77, 79, 80, 81, 82, 84, 86, 88, 99, 100, 101, 103, 104, 105, 107, 109, 119, 120, 121, 123, 125, 132, 134, 141, 143, 145, 152, 155, 156, 169, 185, 186, 187, 188, 190, 191, 192, 193, 195, 202, 204, 211], "missing_lines": [102, 122, 142], "summary": {"covered_lines": 77, "missing_lines": 3, "percent_covered": 96.25}}, "XBrainLab\\backend\\dataset\\option.py": {"executed_lines": [1, 3, 6, 7, 9, 10, 11, 12, 15, 16, 18, 19, 22, 23, 25, 26, 27, 28, 29, 30, 31, 34, 35, 37, 38, 39, 40], "missing_lines": [], "summary": {"covered_lines": 27, "missing_lines": 0, "percent_covered": 100.0}}, "XBrainLab\\backend\\dataset\\dataset.py": {"executed_lines": [1, 3, 5, 7, 8, 9, 12, 13, 32, 34, 42, 43, 44, 45, 46, 47, 48, 50, 51, 53, 54, 55, 56, 58, 60, 62, 64, 66, 68, 70, 77, 78, 79, 80, 82, 94, 95, 96, 97, 99, 106, 108, 115, 117, 124, 125, 127, 134, 135, 137, 144, 145, 147, 149, 150, 152, 154, 157, 172, 174, 181, 182, 184, 191, 194, 200, 201, 202, 204, 208, 212, 216, 223, 224, 225, 227, 234, 235, 236, 239, 241, 243, 245, 247, 249], "missing_lines": [206, 210, 214], "summary": {"covered_lines": 85, "missing_lines": 3, "percent_covered": 96.5909090909091}}, "XBrainLab\\backend\\dataset\\epochs.py": {"executed_lines": [1, 3, 5, 6, 8, 9, 11, 12, 13, 16, 17, 26, 27, 28, 31, 32, 61, 62, 63, 64, 65, 67, 68, 69, 70, 71, 74, 76, 77, 78, 79, 80, 81, 84, 85, 86, 87, 89, 92, 93, 94, 96, 97, 98, 100, 101, 102, 104, 106, 107, 108, 110, 111, 112, 113, 115, 116, 119, 120, 121, 124, 125, 128, 129, 130, 131, 132, 134, 135, 136, 137, 138, 139, 140, 141, 142, 143, 144, 146, 147, 148, 149, 150, 151, 152, 154, 155, 156, 157, 158, 159, 161, 162, 164, 171, 175, 177, 179, 181, 183, 185, 188, 195, 197, 204, 206, 213, 215, 222, 225, 232, 234, 241, 243, 250, 253, 255, 257, 259, 261, 263, 266, 268, 270, 277, 280, 282, 285, 309, 324, 325, 326, 327, 328, 329, 330, 331, 332, 333, 334, 335, 336, 337, 338, 340, 341, 342, 343, 345, 347, 362, 363, 364, 365, 366, 367, 369, 370, 371, 372, 373, 374, 375, 376, 377, 378, 379, 380, 382, 396, 397, 398, 399, 400, 401, 403, 434, 435, 437, 438, 439, 441, 442, 443, 444, 445, 446, 447, 449, 450, 451, 453, 455, 456, 457, 459, 488, 489, 490, 491, 492, 493, 494, 496, 497, 498, 499, 500, 501, 502, 503, 504, 505, 506, 507, 508, 509, 510, 511, 513, 533, 534, 535, 536, 537, 538, 540, 566, 567, 568, 570, 571, 572, 573, 574, 575, 576, 577, 580, 607, 608, 609, 611, 612, 613, 614, 615, 616, 617, 618, 621, 649, 651, 652, 654, 655, 656, 657, 660, 661, 662, 663, 664, 665, 666, 667, 668, 669, 670, 672, 673, 675, 676, 677, 678, 679, 680, 681, 682, 683, 684, 685, 686, 687, 690, 697, 698, 699, 700, 701, 704, 711, 714, 716, 718, 720, 722, 724, 726, 728, 736, 737, 739, 742, 749, 750, 753], "missing_lines": [440, 448, 452, 569, 610, 653, 725, 740, 751, 761, 763, 765, 766, 767, 772, 773, 774, 775, 776, 777, 778, 782, 789, 791], "summary": {"covered_lines": 307, "missing_lines": 24, "percent_covered": 92.74924471299094}}, "XBrainLab\\backend\\dataset\\dataset_generator.py": {"executed_lines": [1, 3, 4, 6, 8, 9, 10, 11, 12, 14, 18, 19, 35, 37, 38, 39, 52, 53, 54, 55, 56, 57, 58, 59, 60, 61, 63, 64, 65, 66, 68, 112, 116, 117, 119, 120, 122, 124, 128, 129, 131, 133, 134, 135, 136, 137, 161, 162, 163, 164, 165, 166, 167, 168, 169, 170, 172, 173, 174, 176, 178, 179, 180, 182, 184, 185, 186, 188, 189, 192, 193, 194, 195, 196, 197, 198, 201, 202, 204, 205, 206, 207, 209, 210, 211, 212, 214, 215, 216, 217, 219, 220, 222, 238, 239, 240, 241, 243, 244, 245, 246, 247, 249, 250, 252, 253, 255, 256, 257, 260, 261, 262, 264, 265, 266, 267, 268, 269, 271, 272, 273, 278, 280, 294, 295, 296, 297, 299, 300, 301, 302, 303, 305, 306, 308, 309, 310, 311, 313, 314, 316, 330, 331, 332, 334, 335, 336, 338, 339, 340, 341, 343, 345, 346, 347, 349, 351, 353, 354, 356, 366, 368, 371, 372, 373, 374, 376, 383, 385, 387, 388, 389, 390, 392, 403, 405, 406, 407, 408], "missing_lines": [15, 190, 258, 263, 274, 275], "summary": {"covered_lines": 179, "missing_lines": 6, "percent_covered": 96.75675675675676}}, "XBrainLab\\backend\\visualization\\__init__.py": {"executed_lines": [1, 3, 5, 6], "missing_lines": [], "summary": {"covered_lines": 4, "missing_lines": 0, "percent_covered": 100.0}}, "XBrainLab\\backend\\visualization\\plot_type.py": {"executed_lines": [1, 3, 5, 6, 7, 10, 11, 25, 26, 27, 28, 29, 32, 33, 42, 43, 44], "missing_lines": [], "summary": {"covered_lines": 17, "missing_lines": 0, "percent_covered": 100.0}}, "XBrainLab\\backend\\visualization\\saliency_map.py": {"executed_lines": [1, 3, 5, 6, 8, 11, 12, 19, 32, 34, 35, 36, 38, 39, 40, 42, 43, 45, 46, 47, 49, 50, 52, 53, 54, 55, 56, 57, 58, 61, 62, 63, 64, 65, 66, 67, 69, 70, 71, 72], "missing_lines": [], "summary": {"covered_lines": 40, "missing_lines": 0, "percent_covered": 100.0}}, "XBrainLab\\backend\\visualization\\base.py": {"executed_lines": [1, 3, 4, 5, 7, 8, 11, 12, 23, 25, 27, 28, 29, 30, 31, 44, 45, 46, 47, 48, 50, 57, 59, 70, 71, 72, 73, 75, 92, 93, 94, 95, 96, 97, 98, 99, 100, 101, 102, 103, 104], "missing_lines": [], "summary": {"covered_lines": 41, "missing_lines": 0, "percent_covered": 100.0}}, "XBrainLab\\backend\\training\\record\\__init__.py": {"executed_lines": [1, 3, 4, 5, 7], "missing_lines": [], "summary": {"covered_lines": 5, "missing_lines": 0, "percent_covered": 100.0}}, "XBrainLab\\backend\\training\\record\\eval.py": {"executed_lines": [1, 3, 5, 6, 7, 9, 12, 25, 26, 27, 28, 29, 30, 31, 32, 33, 36, 37, 53, 55, 56, 57, 58, 59, 60, 61, 62, 75, 76, 77, 78, 79, 80, 81, 83, 90, 91, 92, 93, 94, 95, 96, 97, 99, 101, 102, 113, 114, 115, 117, 118, 119, 120, 121, 122, 123, 124, 125, 126, 128, 129, 130, 132, 141, 142, 143, 144, 145, 146, 147, 148, 149, 150, 153, 167, 168, 169, 170, 171, 172, 173, 174, 175, 176, 178, 179, 180, 181, 183, 190, 192, 202, 203, 204, 205, 207, 208, 209, 210, 211, 214, 215, 216, 217, 220, 227, 228, 229, 230, 231, 232, 233, 234, 235, 237, 245, 246, 247, 248, 250, 251, 252, 253, 254, 257, 258, 259, 260, 261, 262, 263, 267, 268, 269, 270, 271, 274, 276, 286, 288, 298, 300, 310, 312, 322, 324, 334], "missing_lines": [], "summary": {"covered_lines": 147, "missing_lines": 0, "percent_covered": 100.0}}, "XBrainLab\\backend\\training\\record\\key.py": {"executed_lines": [1, 4, 5, 14, 15, 16, 18, 25, 26, 27, 30, 31, 42, 43], "missing_lines": [], "summary": {"covered_lines": 14, "missing_lines": 0, "percent_covered": 100.0}}, "XBrainLab\\backend\\training\\record\\train.py": {"executed_lines": [1, 3, 5, 6, 7, 9, 10, 11, 13, 15, 16, 17, 18, 19, 22, 23, 72, 79, 96, 97, 98, 99, 100, 101, 102, 103, 104, 105, 106, 107, 108, 109, 110, 111, 112, 113, 114, 115, 116, 118, 119, 120, 121, 122, 123, 126, 128, 134, 135, 138, 139, 141, 142, 143, 144, 145, 149, 150, 152, 157, 158, 159, 161, 163, 164, 166, 173, 175, 182, 184, 194, 196, 204, 206, 216, 217, 218, 219, 220, 221, 223, 236, 237, 238, 239, 240, 241, 242, 243, 244, 245, 246, 247, 249, 250, 251, 252, 255, 262, 264, 271, 273, 280, 281, 283, 290, 291, 293, 295, 297, 304, 306, 312, 314, 315, 317, 318, 320, 321, 322, 323, 324, 325, 327, 329, 330, 331, 332, 333, 334, 335, 336, 338, 340, 346, 347, 350, 351, 352, 353, 354, 355, 356, 357, 358, 360, 365, 367, 375, 376, 377, 380, 381, 382, 383, 384, 385, 386, 389, 390, 391, 393, 394, 396, 397, 398, 401, 402, 403, 404, 406, 408, 411, 413, 414, 415, 429, 430, 431, 433, 434, 435, 437, 438, 439, 441, 443, 444, 445, 446, 447, 448, 449, 450, 451, 452, 454, 456, 458, 459, 460, 474, 475, 476, 478, 479, 480, 482, 483, 484, 486, 488, 489, 490, 491, 492, 493, 494, 495, 496, 497, 499, 501, 503, 504, 505, 519, 520, 521, 523, 524, 525, 527, 528, 529, 531, 533, 534, 535, 536, 537, 538, 539, 540, 541, 542, 544, 546, 548, 549, 550, 564, 565, 566, 568, 569, 570, 572, 573, 574, 575, 576, 578, 580, 581, 582, 583, 599, 600, 601, 602, 603, 604, 605, 606, 607, 609, 611, 612, 613, 615, 617, 618, 621, 622, 624, 627, 629, 630, 631, 632, 634, 636, 637, 638, 639, 640, 641, 645, 646, 647, 650, 651, 652, 653, 654, 655, 657, 660, 661, 662, 663, 666, 668, 671, 678, 679, 680, 682, 689, 690, 691, 693, 700, 701, 702, 704, 711], "missing_lines": [328, 361, 362, 399], "summary": {"covered_lines": 328, "missing_lines": 4, "percent_covered": 98.79518072289157}}, "XBrainLab\\backend\\visualization\\saliency_spectrogram_map.py": {"executed_lines": [1, 3, 5, 6, 7, 9, 12, 13, 19, 29, 30, 32, 33, 35, 36, 37, 39, 40, 42, 43, 44, 45, 46, 47, 50, 51, 52, 53, 54, 55, 56, 57, 58, 60, 61, 62, 63, 64, 65, 66, 67, 68, 69, 71, 73, 74, 75, 76, 78, 79], "missing_lines": [], "summary": {"covered_lines": 50, "missing_lines": 0, "percent_covered": 100.0}}, "XBrainLab\\backend\\visualization\\saliency_topomap.py": {"executed_lines": [1, 3, 5, 6, 7, 9, 12, 13, 20, 36, 38, 42, 45, 49, 50, 52, 53, 55, 56, 58, 60, 61, 62, 63, 64, 65, 66, 67, 68, 69, 70, 71, 74, 75, 76, 78, 79, 82, 85, 86, 88, 89, 90, 91, 92, 93, 95, 96], "missing_lines": [39, 47], "summary": {"covered_lines": 48, "missing_lines": 2, "percent_covered": 96.0}}, "XBrainLab\\backend\\training\\evaluator.py": {"executed_lines": [1, 3, 5, 7, 8, 9, 10, 11, 13, 16, 17, 19, 20, 33, 34, 35, 36, 39, 40, 43, 44, 45, 46, 47, 48, 49, 68, 70, 72, 75, 77, 78, 79, 80, 83, 84, 85, 87, 88, 105, 107, 108, 109, 110, 111, 113, 114, 115, 116, 117, 119, 120, 122, 123, 125, 126, 128, 129, 131, 132, 135, 137, 139, 140, 162, 164, 165, 167, 168, 169, 170, 171, 173, 174, 176, 177, 179, 180, 182, 183, 184, 185, 186, 187, 189, 190, 191, 194, 195, 196, 198, 199, 200, 201, 202, 203, 205, 206, 207, 209, 210, 211, 212, 213, 214, 216, 217, 218, 220, 221, 222, 223, 224, 225, 227, 228, 229, 232, 233, 235, 236, 237, 238, 239, 241, 244, 245, 247, 248, 249, 250, 251, 252, 253, 254], "missing_lines": [61, 62, 63, 64, 65], "summary": {"covered_lines": 135, "missing_lines": 5, "percent_covered": 96.42857142857143}}, "XBrainLab\\backend\\controller\\preprocess_controller.py": {"executed_lines": [1, 7, 8, 9, 12, 13, 30, 37, 38, 40, 47, 49, 51, 52, 54, 62, 63, 64, 65, 67, 74, 76, 84, 85, 86, 88, 95, 96, 97, 99, 121, 122, 123, 125, 129, 131, 134, 138, 139, 143, 145, 160, 161, 162, 163, 164, 167, 180, 182, 195, 196, 197, 200, 213, 215, 222, 223, 224, 225, 226, 227, 228, 229, 230, 232, 252, 253, 254, 255, 256, 257, 259, 260, 261, 263, 265, 266, 275, 277, 278], "missing_lines": [140, 141, 142], "summary": {"covered_lines": 80, "missing_lines": 3, "percent_covered": 96.3855421686747}}, "XBrainLab\\backend\\controller\\training_controller.py": {"executed_lines": [1, 8, 10, 11, 13, 17, 20, 21, 47, 55, 62, 63, 64, 66, 68, 75, 77, 84, 85, 88, 91, 92, 95, 97, 104, 105, 109, 115, 116, 117, 119, 125, 126, 128, 129, 130, 132, 138, 139, 141, 142, 145, 148, 149, 151, 158, 159, 161, 162, 163, 165, 172, 174, 195, 196, 199, 200, 202, 203, 204, 205, 207, 208, 209, 210, 211, 212, 213, 214, 215, 217, 218, 222, 224, 232, 234, 242, 243, 244, 245, 246, 247, 248, 249, 252, 259, 261, 268, 270, 277, 279, 286, 288, 295, 297, 304, 307, 314, 316, 324, 326, 333, 335, 342, 345, 352, 354, 361, 363, 370, 372, 379, 381, 388], "missing_lines": [14, 15, 197], "summary": {"covered_lines": 114, "missing_lines": 3, "percent_covered": 97.43589743589743}}, "XBrainLab\\backend\\controller\\visualization_controller.py": {"executed_lines": [1, 8, 10, 12, 14, 15, 16, 18, 22, 23, 39, 46, 47, 49, 56, 58, 65, 67, 75, 76, 77, 79, 92, 93, 95, 102, 104, 112, 113, 114, 116, 124, 126, 133, 134, 136, 155, 157, 158, 159, 160, 161, 163, 164, 166, 168, 169, 171, 172, 175, 176, 178, 179, 180, 182, 183, 184, 185, 186, 188, 189, 192, 193, 194, 195, 196, 197], "missing_lines": [19, 173], "summary": {"covered_lines": 67, "missing_lines": 2, "percent_covered": 97.10144927536231}}, "XBrainLab\\backend\\data_manager.py": {"executed_lines": [1, 3, 5, 6, 7, 8, 9, 12, 13, 28, 30, 31, 32, 35, 36, 39, 40, 43, 50, 52, 54, 55, 56, 65, 68, 71, 72, 73, 75, 76, 78, 82, 83, 84, 87, 89, 90, 91, 100, 101, 103, 104, 105, 109, 110, 111, 112, 113, 115, 123, 124, 125, 126, 127, 129, 130, 131, 132, 134, 136, 144, 145, 146, 147, 148, 149, 152, 160, 161, 162, 163, 166, 171, 173, 178, 180, 182, 183, 185, 187, 188, 190, 197, 198, 199, 200, 201, 202, 203, 204, 206, 213, 214, 215, 216, 219, 221, 222, 224, 226, 227, 229, 236], "missing_lines": [], "summary": {"covered_lines": 103, "missing_lines": 0, "percent_covered": 100.0}}, "tests\\integration\\controller\\test_preprocess_controller.py": {"executed_lines": [1, 5, 7, 8, 10, 11, 12, 15, 16, 19, 20, 21, 24, 25, 27, 28, 29, 32, 33, 35, 37, 40, 41, 44, 47, 48, 51, 54, 55, 57, 60, 61, 63, 66, 67, 70, 72, 73, 74, 76, 78, 79, 81, 85, 91, 93, 96, 99, 100, 102, 103, 104, 107, 108, 110], "missing_lines": [], "summary": {"covered_lines": 55, "missing_lines": 0, "percent_covered": 100.0}}, "tests\\integration\\controller\\test_training_controller.py": {"executed_lines": [1, 5, 7, 8, 10, 11, 12, 13, 14, 17, 18, 19, 22, 23, 24, 25, 26, 29, 30, 31, 32, 33, 34, 35, 36, 37, 38, 39, 40, 41, 42, 46, 47, 49, 54, 55, 56, 57, 58, 61, 62, 63, 66, 67, 68, 73, 74, 75, 77, 83, 84, 87, 88, 89, 92, 94, 96, 97, 100, 101, 104, 106, 110, 111, 112, 114, 115, 119, 120, 121, 122, 125, 126, 129, 130, 131, 134, 135, 137, 141, 142, 145, 146, 147, 149, 150, 152, 153, 154, 157, 159, 160, 162, 163, 164, 165, 166, 167, 168, 170, 173, 174, 177, 178, 179, 181, 184, 185, 186], "missing_lines": [], "summary": {"covered_lines": 109, "missing_lines": 0, "percent_covered": 100.0}}, "XBrainLab\\backend\\model_base\\__init__.py": {"executed_lines": [1, 3, 4, 5, 7], "missing_lines": [], "summary": {"covered_lines": 5, "missing_lines": 0, "percent_covered": 100.0}}, "XBrainLab\\backend\\model_base\\EEGNet.py": {"executed_lines": [1, 3, 5, 6, 9, 10, 40, 42, 43, 44, 45, 46, 47, 48, 49, 50, 73, 75, 76, 77, 78, 79, 85, 86, 87, 88, 89, 90, 91, 92, 94, 97, 98, 99, 101, 102, 104, 107, 108, 109, 110, 111, 112, 114, 117, 119, 120, 121, 122, 123, 124, 126, 127, 128, 130, 133, 135, 136, 137, 138, 139, 140, 141, 143, 144, 145, 146, 147, 154, 155, 157, 168, 169, 170, 171, 172, 174, 176, 177, 179, 190, 191, 192, 193, 194, 195], "missing_lines": [], "summary": {"covered_lines": 86, "missing_lines": 0, "percent_covered": 100.0}}, "XBrainLab\\backend\\model_base\\SCCNet.py": {"executed_lines": [1, 3, 5, 6, 7, 10, 11, 41, 56, 58, 59, 60, 61, 62, 66, 67, 68, 69, 70, 71, 72, 73, 75, 79, 80, 82, 83, 84, 85, 86, 88, 90, 92, 94, 96, 97, 98, 99, 100, 101, 103, 104, 107, 108, 111, 122, 123, 124, 125, 126, 128, 129, 130, 131, 132, 133, 134, 135, 136, 137, 138, 139, 140, 142, 143, 146, 148], "missing_lines": [], "summary": {"covered_lines": 67, "missing_lines": 0, "percent_covered": 100.0}}, "XBrainLab\\backend\\model_base\\ShallowConvNet.py": {"executed_lines": [1, 3, 5, 6, 9, 10, 36, 42, 43, 60, 61, 62, 63, 67, 68, 69, 70, 71, 72, 73, 74, 76, 78, 79, 80, 81, 82, 83, 85, 87, 89, 90, 91, 94, 105, 106, 107, 108, 109, 110, 111, 112, 113, 114, 115, 118, 120, 131, 132, 133, 134, 135, 136], "missing_lines": [], "summary": {"covered_lines": 53, "missing_lines": 0, "percent_covered": 100.0}}, "tests\\integration\\debug\\__init__.py": {"executed_lines": [], "missing_lines": [], "summary": {"covered_lines": 0, "missing_lines": 0, "percent_covered": 100.0}}, "tests\\integration\\debug\\test_debug_script_execution.py": {"executed_lines": [1, 2, 4, 5, 6, 8, 9, 10, 13, 14, 16, 17, 18, 20, 21, 22, 25, 35, 36, 39, 40, 43, 44, 48, 49, 51, 54, 57, 58, 61, 62, 63, 66, 69, 71, 72, 73, 74, 75, 78, 84, 85, 91, 92, 93, 94, 95, 96, 97, 98, 101, 102, 103, 104, 105, 108, 126, 128, 129, 131, 132, 133, 136, 152, 153, 157, 158, 165, 166, 167, 168, 170], "missing_lines": [], "summary": {"covered_lines": 72, "missing_lines": 0, "percent_covered": 100.0}}, "XBrainLab\\debug\\tool_debug_mode.py": {"executed_lines": [1, 8, 9, 10, 11, 13, 16, 17, 18, 27, 28, 31, 32, 45, 54, 55, 56, 57, 59, 65, 66, 67, 69, 70, 71, 72, 73, 74, 75, 77, 78, 79, 81, 91, 92, 94, 95, 97, 99, 100, 108], "missing_lines": [], "summary": {"covered_lines": 41, "missing_lines": 0, "percent_covered": 100.0}}, "XBrainLab\\ui\\__init__.py": {"executed_lines": [1], "missing_lines": [], "summary": {"covered_lines": 1, "missing_lines": 0, "percent_covered": 100.0}}, "XBrainLab\\ui\\chat\\__init__.py": {"executed_lines": [1, 3, 4, 6], "missing_lines": [], "summary": {"covered_lines": 4, "missing_lines": 0, "percent_covered": 100.0}}, "XBrainLab\\ui\\chat\\message_bubble.py": {"executed_lines": [1, 7, 8, 10, 11, 12, 21, 23, 31, 32, 45, 55, 56, 57, 58, 59, 61, 63, 71, 72, 73, 76, 77, 78, 79, 80, 84, 85, 86, 89, 90, 91, 92, 93, 94, 95, 99, 100, 101, 103, 104, 106, 108, 110, 111, 112, 113, 114, 117, 118, 121, 124, 125, 126, 128, 129, 131, 132, 134, 135, 137, 147, 148, 149, 150, 152, 153, 154, 163, 165, 176, 179, 182, 183, 185, 188, 189, 193, 194, 197, 199, 202, 203, 207, 208, 209, 210, 213, 214, 217, 218, 219, 220, 222, 229, 230, 231, 234, 238, 245, 247, 259], "missing_lines": [156, 157, 159, 161, 177, 186, 190, 236, 254, 255, 256, 257, 266], "summary": {"covered_lines": 102, "missing_lines": 13, "percent_covered": 88.69565217391305}}, "XBrainLab\\ui\\chat\\styles.py": {"executed_lines": [1, 7, 10, 12, 17, 39, 42, 48, 52, 57, 62, 65, 66, 69, 73, 75, 76, 83, 88, 90, 96, 100, 102, 113, 115, 121, 123, 129, 131, 136, 138], "missing_lines": [], "summary": {"covered_lines": 31, "missing_lines": 0, "percent_covered": 100.0}}, "XBrainLab\\ui\\styles\\__init__.py": {"executed_lines": [1], "missing_lines": [], "summary": {"covered_lines": 1, "missing_lines": 0, "percent_covered": 100.0}}, "XBrainLab\\ui\\styles\\theme.py": {"executed_lines": [1, 8, 9, 17, 18, 19, 22, 23, 26, 27, 28, 29, 30, 33, 34, 35, 38, 39, 42, 43, 44, 46, 47, 48, 50, 51, 52, 53, 56, 58, 59, 61, 62, 64, 65, 68, 69, 72, 73, 76, 77, 80, 81, 84, 85, 86, 87, 90, 91, 92, 95, 96, 97, 98, 101, 102, 103, 106, 107, 108, 109, 112, 113, 114, 115, 116, 118, 119, 133, 134, 136, 137, 138, 139, 140, 143, 144, 146, 147, 148, 149, 150, 151, 152, 153, 156, 157, 158, 159, 160, 161, 162, 164, 165, 172, 174, 175, 179, 183], "missing_lines": [], "summary": {"covered_lines": 99, "missing_lines": 0, "percent_covered": 100.0}}, "XBrainLab\\ui\\chat\\panel.py": {"executed_lines": [1, 8, 9, 10, 22, 23, 26, 27, 29, 30, 31, 42, 43, 64, 65, 66, 67, 68, 70, 72, 74, 76, 77, 80, 81, 82, 84, 86, 87, 88, 91, 92, 93, 94, 96, 99, 100, 101, 103, 104, 105, 106, 108, 109, 112, 113, 114, 115, 116, 117, 120, 121, 122, 123, 124, 127, 128, 129, 130, 131, 132, 133, 134, 135, 136, 137, 140, 141, 142, 144, 145, 146, 149, 151, 153, 154, 157, 158, 159, 160, 161, 163, 164, 165, 166, 167, 169, 170, 171, 172, 173, 174, 175, 177, 178, 180, 186, 190, 191, 192, 197, 198, 199, 202, 207, 209, 211, 222, 223, 224, 226, 233, 235, 242, 243, 245, 247, 249, 258, 259, 260, 263, 264, 265, 266, 268, 270, 274, 275, 277, 278, 279, 281, 282, 286, 293, 295, 302, 303, 304, 305, 307, 308, 310, 330, 338, 341, 342, 343, 346, 347, 349, 351, 353, 356, 357, 358, 359, 360, 361, 362, 364, 375, 376, 378, 379, 380, 382, 385, 386, 387, 388, 390, 400, 402, 403, 404, 406, 415, 416, 418, 429, 430, 431, 432, 434, 435, 436, 437], "missing_lines": [193, 194, 195, 203, 204, 205, 272, 317, 319, 320, 321, 323, 324, 325, 326, 327, 328], "summary": {"covered_lines": 189, "missing_lines": 17, "percent_covered": 91.74757281553399}}, "XBrainLab\\backend\\controller\\chat_controller.py": {"executed_lines": [1, 7, 10, 11, 37, 40, 43, 45, 46, 47, 48, 50, 57, 58, 60, 67, 68, 70, 72, 73, 75, 83, 84, 86], "missing_lines": [94], "summary": {"covered_lines": 24, "missing_lines": 1, "percent_covered": 96.0}}, "XBrainLab\\llm\\__init__.py": {"executed_lines": [1], "missing_lines": [], "summary": {"covered_lines": 1, "missing_lines": 0, "percent_covered": 100.0}}, "XBrainLab\\llm\\core\\__init__.py": {"executed_lines": [1], "missing_lines": [], "summary": {"covered_lines": 1, "missing_lines": 0, "percent_covered": 100.0}}, "XBrainLab\\llm\\core\\config.py": {"executed_lines": [1, 7, 8, 9, 10, 12, 14, 17, 19, 20, 22, 27, 28, 29, 54, 56, 57, 58, 59, 60, 61, 62, 66, 67, 71, 72, 74, 75, 76, 78, 79, 80, 81, 84, 87, 88, 89, 91, 92, 95, 96, 98, 105, 107, 118, 119, 120, 121, 123, 124, 125, 127, 129, 130, 131, 135, 136, 152, 153, 155, 156, 157, 159, 160, 161, 162, 163, 164, 165, 166, 168, 169, 170, 173, 175, 178, 179, 181, 182, 183, 185], "missing_lines": [23, 24, 132, 133], "summary": {"covered_lines": 81, "missing_lines": 4, "percent_covered": 95.29411764705883}}, "XBrainLab\\ui\\main_window.py": {"executed_lines": [1, 7, 8, 10, 11, 23, 26, 27, 28, 31, 32, 33, 34, 35, 36, 39, 40, 63, 64, 66, 74, 75, 76, 77, 79, 82, 85, 88, 89, 92, 93, 94, 97, 98, 99, 100, 101, 102, 105, 106, 107, 108, 109, 110, 112, 115, 116, 117, 118, 119, 120, 122, 125, 128, 129, 132, 135, 137, 139, 141, 143, 152, 153, 154, 155, 157, 159, 160, 162, 163, 165, 175, 176, 177, 180, 181, 182, 183, 184, 185, 186, 187, 188, 189, 190, 192, 193, 195, 200, 201, 202, 203, 204, 207, 208, 211, 212, 215, 216, 219, 220, 223, 224, 226, 233, 234, 237, 238, 239, 243, 244, 247, 249, 250, 251, 253, 265, 266, 269, 272, 273, 274, 277, 282, 289, 293, 298, 305, 306, 307, 308, 311, 337], "missing_lines": [284, 285, 286, 287, 291, 295, 296, 320, 321, 322, 323, 324, 325, 326, 327, 328, 329, 330, 331, 332, 338], "summary": {"covered_lines": 133, "missing_lines": 21, "percent_covered": 86.36363636363636}}, "XBrainLab\\debug\\tool_executor.py": {"executed_lines": [1, 7, 9, 10, 11, 19, 30, 35, 38, 39, 53, 55, 56, 57, 58, 59, 60, 62, 63, 64, 65, 66, 67, 68, 69, 70, 72, 73, 74, 76, 79, 87, 89, 106, 107, 108, 109, 110, 112, 113, 114, 116, 117, 118, 119, 120, 122], "missing_lines": [], "summary": {"covered_lines": 47, "missing_lines": 0, "percent_covered": 100.0}}, "XBrainLab\\llm\\tools\\__init__.py": {"executed_lines": [1, 8, 11, 19, 30, 35, 36, 44, 55, 60, 65, 76, 77, 78, 79, 82, 97, 98, 100, 101, 102, 103, 104, 105, 107, 108, 109, 110, 111, 112, 113, 114, 115, 117, 118, 119, 121, 123, 124, 126, 127, 128, 129, 130, 131, 133, 134, 135, 136, 137, 138, 139, 140, 141, 143, 144, 145, 147, 149, 154], "missing_lines": [], "summary": {"covered_lines": 60, "missing_lines": 0, "percent_covered": 100.0}}, "XBrainLab\\llm\\tools\\base.py": {"executed_lines": [1, 7, 8, 11, 12, 20, 21, 22, 25, 26, 27, 30, 31, 32, 35, 50, 52, 53], "missing_lines": [], "summary": {"covered_lines": 18, "missing_lines": 0, "percent_covered": 100.0}}, "XBrainLab\\llm\\tools\\mock\\__init__.py": {"executed_lines": [1], "missing_lines": [], "summary": {"covered_lines": 1, "missing_lines": 0, "percent_covered": 100.0}}, "XBrainLab\\llm\\tools\\mock\\dataset_mock.py": {"executed_lines": [1, 7, 9, 19, 20, 22, 24, 25, 26, 28, 41, 43, 46, 47, 49, 61, 63, 66, 67, 69, 71, 72, 73, 75, 88, 90, 93, 94, 96, 107, 110, 111, 113, 124, 127, 128, 130, 132, 133, 134, 135, 136, 138, 153], "missing_lines": [42, 62, 89], "summary": {"covered_lines": 44, "missing_lines": 3, "percent_covered": 93.61702127659575}}, "XBrainLab\\llm\\tools\\definitions\\__init__.py": {"executed_lines": [1], "missing_lines": [], "summary": {"covered_lines": 1, "missing_lines": 0, "percent_covered": 100.0}}, "XBrainLab\\llm\\tools\\definitions\\dataset_def.py": {"executed_lines": [1, 8, 10, 13, 14, 19, 20, 21, 23, 24, 25, 27, 28, 29, 30, 31, 32, 33, 34, 36, 37, 38, 41, 44, 45, 48, 49, 55, 56, 57, 59, 60, 61, 63, 64, 65, 66, 67, 68, 69, 70, 72, 76, 79, 80, 83, 84, 89, 90, 91, 93, 94, 95, 97, 98, 99, 100, 101, 102, 103, 104, 106, 107, 108, 111, 114, 115, 118, 119, 121, 122, 123, 125, 126, 127, 129, 130, 131, 133, 134, 137, 138, 140, 141, 142, 144, 145, 146, 148, 149, 150, 152, 153, 156, 157, 163, 164, 165, 167, 168, 169, 171, 172, 173, 174, 175, 176, 177, 178, 179, 180, 182, 184, 187, 188], "missing_lines": [], "summary": {"covered_lines": 115, "missing_lines": 0, "percent_covered": 100.0}}, "XBrainLab\\llm\\tools\\mock\\preprocess_mock.py": {"executed_lines": [1, 7, 9, 22, 23, 25, 27, 28, 29, 30, 31, 32, 33, 35, 52, 53, 54, 58, 59, 61, 63, 64, 65, 67, 80, 82, 85, 86, 88, 100, 102, 105, 106, 108, 120, 122, 125, 126, 128, 140, 142, 145, 146, 148, 160, 162, 165, 166, 168, 180, 182, 185, 186, 188, 200, 202, 205, 206, 208, 210, 211, 212, 213, 214, 216, 231], "missing_lines": [81, 101, 121, 141, 161, 181, 201], "summary": {"covered_lines": 66, "missing_lines": 7, "percent_covered": 90.41095890410959}}, "XBrainLab\\llm\\tools\\definitions\\preprocess_def.py": {"executed_lines": [1, 8, 10, 13, 14, 20, 21, 22, 24, 25, 26, 27, 31, 32, 33, 34, 35, 36, 37, 38, 39, 40, 41, 45, 46, 49, 50, 52, 53, 54, 56, 57, 58, 60, 61, 62, 63, 64, 65, 66, 68, 71, 72, 75, 76, 78, 79, 80, 82, 83, 84, 86, 87, 88, 89, 90, 91, 94, 95, 98, 99, 101, 102, 103, 105, 106, 107, 109, 110, 111, 112, 113, 114, 117, 118, 121, 122, 124, 125, 126, 128, 129, 130, 132, 133, 134, 135, 136, 137, 139, 142, 143, 146, 147, 149, 150, 151, 153, 154, 155, 157, 158, 159, 160, 161, 162, 165, 166, 169, 170, 172, 173, 174, 176, 177, 178, 180, 181, 182, 183, 184, 185, 188, 189, 192, 193, 195, 196, 197, 199, 200, 201, 203, 204, 205, 206, 207, 208, 211, 212, 215, 216, 218, 219, 220, 222, 223, 224, 226, 227, 228, 229, 230, 231, 232, 233, 234, 236, 239, 240], "missing_lines": [], "summary": {"covered_lines": 160, "missing_lines": 0, "percent_covered": 100.0}}, "XBrainLab\\llm\\tools\\mock\\training_mock.py": {"executed_lines": [1, 7, 9, 16, 17, 19, 31, 33, 36, 37, 39, 41, 42, 43, 44, 45, 46, 47, 48, 50, 68, 70, 71, 72, 76, 77, 79, 90], "missing_lines": [32, 69], "summary": {"covered_lines": 28, "missing_lines": 2, "percent_covered": 93.33333333333333}}, "XBrainLab\\llm\\tools\\definitions\\training_def.py": {"executed_lines": [1, 8, 10, 13, 14, 20, 21, 22, 24, 25, 26, 28, 29, 30, 31, 32, 33, 34, 35, 38, 41, 42, 45, 46, 52, 53, 54, 56, 57, 58, 60, 61, 62, 63, 64, 65, 66, 67, 68, 69, 70, 71, 72, 73, 75, 77, 80, 81, 84, 85, 90, 91, 92, 94, 95, 96, 98, 99, 100, 102, 103], "missing_lines": [], "summary": {"covered_lines": 61, "missing_lines": 0, "percent_covered": 100.0}}, "XBrainLab\\llm\\tools\\mock\\ui_control_mock.py": {"executed_lines": [1, 7, 9, 12, 13, 15, 17, 18, 19, 21, 34, 36, 37, 38, 39], "missing_lines": [35], "summary": {"covered_lines": 15, "missing_lines": 1, "percent_covered": 93.75}}, "XBrainLab\\llm\\tools\\definitions\\ui_control_def.py": {"executed_lines": [1, 7, 9, 12, 13, 20, 21, 22, 24, 25, 26, 27, 31, 32, 33, 34, 35, 36, 37, 38, 46, 48, 49, 51, 61, 64, 65], "missing_lines": [], "summary": {"covered_lines": 27, "missing_lines": 0, "percent_covered": 100.0}}, "XBrainLab\\llm\\tools\\real\\dataset_real.py": {"executed_lines": [1, 7, 8, 10, 12, 22, 23, 29, 31, 32, 33, 35, 49, 53, 54, 57, 60, 61, 62, 64, 65, 66, 67, 72, 73, 79, 94, 98, 99, 100, 102, 103, 104, 105, 106, 110, 112, 115, 118, 119, 121, 122, 124, 125, 128, 129, 134, 144, 146, 148, 149, 150, 152, 165, 168, 169, 171, 172, 176, 177, 179, 189, 191, 202, 203, 204, 207, 208, 210, 220, 222, 233, 234, 236, 239, 240, 246, 247, 248, 251, 254, 255, 260, 271, 273, 275, 276, 277, 278, 279, 281, 298, 300, 301, 302, 303, 304, 305, 308, 309, 310, 315, 316, 317], "missing_lines": [50, 55, 58, 68, 69, 95, 107, 108, 113, 123, 166, 173, 237, 312, 313], "summary": {"covered_lines": 104, "missing_lines": 15, "percent_covered": 87.39495798319328}}, "XBrainLab\\backend\\facade.py": {"executed_lines": [1, 3, 5, 6, 9, 17, 18, 19, 20, 21, 22, 23, 24, 27, 28, 42, 49, 52, 53, 54, 55, 58, 68, 70, 80, 81, 83, 84, 85, 87, 88, 90, 91, 95, 96, 97, 98, 101, 102, 105, 106, 107, 109, 110, 111, 112, 115, 116, 118, 120, 122, 124, 131, 133, 134, 135, 138, 139, 141, 144, 146, 147, 148, 158, 159, 161, 168, 170, 177, 179, 186, 188, 195, 196, 198, 200, 207, 209, 219, 220, 221, 222, 223, 224, 226, 227, 229, 231, 232, 233, 235, 236, 238, 239, 240, 242, 243, 244, 245, 246, 247, 248, 250, 251, 252, 253, 254, 256, 257, 258, 260, 261, 263, 264, 265, 266, 269, 270, 272, 273, 274, 277, 279, 280, 281, 282, 293, 296, 298, 299, 300, 301, 313, 314, 315, 316, 317, 319, 320, 321, 324, 325, 326, 327, 331, 332, 333, 334, 335, 337, 338, 339, 340, 343, 344, 345, 346, 347, 350, 352, 354, 365, 366, 367, 368, 371, 372, 373, 375, 376, 378, 380, 381, 382, 383, 384, 385, 386, 387, 404, 405, 406, 407, 409, 412, 413, 415, 416, 417, 418, 419, 420, 421, 422, 423, 424, 425, 426, 429, 432, 434, 436, 438, 440, 447, 450, 457, 458, 459, 461, 462, 463, 464, 465, 466, 468, 469, 470, 471, 472], "missing_lines": [], "summary": {"covered_lines": 220, "missing_lines": 0, "percent_covered": 100.0}}, "XBrainLab\\backend\\load_data\\label_loader.py": {"executed_lines": [1, 3, 4, 6, 7, 8, 10, 13, 30, 31, 33, 34, 35, 36, 37, 38, 39, 42, 55, 56, 57, 58, 59, 60, 61, 62, 63, 69, 85, 86, 88, 90, 91, 94, 95, 98, 101, 102, 103, 104, 105, 107, 109, 113, 115, 117, 119, 120, 121, 124, 142, 143, 144, 147, 150, 151, 152, 154, 155, 156, 158, 160, 161, 162, 163, 164, 165, 167, 168, 171, 172, 173, 174, 177], "missing_lines": [64, 65, 66, 116, 179, 180, 181], "summary": {"covered_lines": 74, "missing_lines": 7, "percent_covered": 91.35802469135803}}, "XBrainLab\\backend\\utils\\mne_helper.py": {"executed_lines": [1, 3, 4, 7, 15, 18, 29, 30, 33, 44, 45, 46], "missing_lines": [], "summary": {"covered_lines": 12, "missing_lines": 0, "percent_covered": 100.0}}, "XBrainLab\\llm\\tools\\real\\preprocess_real.py": {"executed_lines": [1, 8, 10, 12, 25, 26, 32, 42, 44, 46, 47, 48, 49, 50, 51, 52, 54, 72, 74, 76, 79, 80, 83, 87, 91, 92, 97, 100, 101, 103, 105, 107, 109, 110, 111, 113, 126, 129, 130, 131, 134, 135, 137, 139, 141, 153, 156, 157, 158, 161, 162, 164, 166, 168, 180, 183, 184, 185, 188, 189, 191, 193, 195, 207, 210, 211, 212, 215, 216, 218, 220, 222, 234, 237, 238, 239, 242, 243, 245, 247, 249, 261, 264, 265, 266, 269, 270, 276, 278, 280, 292, 297, 300, 301, 303, 305, 307, 309, 310, 311, 312, 313, 315, 330, 332, 334, 338], "missing_lines": [84, 88, 94, 95, 127, 154, 181, 208, 235, 262, 293, 335, 336], "summary": {"covered_lines": 107, "missing_lines": 13, "percent_covered": 89.16666666666667}}, "XBrainLab\\llm\\tools\\real\\training_real.py": {"executed_lines": [1, 7, 9, 11, 18, 19, 21, 34, 37, 38, 39, 40, 41, 43, 46, 47, 49, 51, 52, 53, 54, 55, 56, 57, 58, 60, 78, 80, 81, 82, 83, 84, 85, 86, 87, 88, 93, 94, 95, 96, 97, 101, 102, 108, 122, 123, 124, 125, 126, 127, 129, 131, 142, 144, 145, 149], "missing_lines": [35, 90, 91, 146, 147], "summary": {"covered_lines": 56, "missing_lines": 5, "percent_covered": 91.80327868852459}}, "XBrainLab\\llm\\tools\\real\\ui_control_real.py": {"executed_lines": [1, 7, 9, 12, 13, 20, 22, 23, 24, 26, 39, 46, 47, 48, 49], "missing_lines": [40], "summary": {"covered_lines": 15, "missing_lines": 1, "percent_covered": 93.75}}, "XBrainLab\\ui\\components\\__init__.py": {"executed_lines": [1, 3, 4, 5, 6, 8], "missing_lines": [], "summary": {"covered_lines": 6, "missing_lines": 0, "percent_covered": 100.0}}, "XBrainLab\\ui\\components\\card.py": {"executed_lines": [1, 3, 4, 7, 8, 20, 29, 30, 31, 33, 41, 42, 43, 46, 47, 48, 49, 52, 53, 54, 57, 58, 59, 60, 61, 62, 64, 71, 73, 80], "missing_lines": [], "summary": {"covered_lines": 30, "missing_lines": 0, "percent_covered": 100.0}}, "XBrainLab\\ui\\components\\placeholder.py": {"executed_lines": [1, 3, 4, 7, 8, 18, 27, 28, 30, 38, 39, 42, 43, 44, 45, 48, 49, 50, 51], "missing_lines": [], "summary": {"covered_lines": 19, "missing_lines": 0, "percent_covered": 100.0}}, "XBrainLab\\ui\\components\\plot_figure_window.py": {"executed_lines": [1, 3, 4, 6, 7, 9, 12, 13, 31, 36, 37, 38, 39, 40, 55, 56, 57, 58, 59, 60, 61, 62, 64, 65, 67, 69, 70, 73, 74, 75, 77, 79, 81, 84, 86, 89, 91, 93, 95, 96, 99, 100, 101, 102, 103, 106, 107, 108, 109, 112, 113, 114, 115, 117, 118, 121, 123, 132, 133, 134, 136, 137, 139, 140, 142, 143, 144, 145, 147, 154, 155, 156, 157, 158, 161, 168, 169, 170, 172, 174, 187, 189, 190, 192, 193, 195, 196, 197, 199, 200, 234, 235, 240, 248, 249, 250, 252, 254, 263, 264, 265, 267, 269, 270, 271], "missing_lines": [78, 80, 82, 181, 183, 184, 185, 202, 203, 204, 206, 207, 210, 211, 213, 214, 216, 217, 218, 219, 224, 225, 226, 227, 228, 230, 231], "summary": {"covered_lines": 105, "missing_lines": 27, "percent_covered": 79.54545454545455}}, "XBrainLab\\ui\\components\\single_plot_window.py": {"executed_lines": [1, 3, 4, 6, 7, 10, 11, 12, 13, 14, 15, 17, 20, 21, 38, 40, 51, 52, 53, 54, 56, 57, 59, 60, 61, 62, 65, 67, 69, 70, 73, 74, 75, 77, 87, 89, 91, 93, 94, 96, 97, 98, 100, 112, 114, 115, 116, 118, 124, 126, 127, 128, 130, 142, 151, 152, 153, 154, 156, 158, 160, 161, 163, 165, 167, 168, 169, 171, 173, 174, 175], "missing_lines": [85, 108, 109, 110, 120, 121, 122, 143, 144, 145, 146, 147, 148, 149], "summary": {"covered_lines": 71, "missing_lines": 14, "percent_covered": 83.52941176470588}}, "XBrainLab\\ui\\core\\base_dialog.py": {"executed_lines": [1, 3, 6, 7, 17, 19, 20, 21, 22, 23, 35, 36, 37, 39, 40, 41, 43, 44, 45, 47, 56, 58, 70], "missing_lines": [42], "summary": {"covered_lines": 23, "missing_lines": 1, "percent_covered": 95.83333333333333}}, "XBrainLab\\ui\\components\\agent_manager.py": {"executed_lines": [1, 7, 8, 17, 18, 19, 20, 21, 22, 23, 25, 26, 29, 30, 49, 58, 59, 60, 62, 63, 65, 67, 68, 70, 71, 73, 77, 78, 79, 82, 89, 92, 95, 96, 97, 98, 100, 101, 102, 103, 104, 108, 109, 110, 111, 112, 114, 115, 116, 117, 120, 121, 122, 123, 124, 125, 128, 129, 130, 131, 132, 133, 136, 137, 138, 139, 140, 141, 143, 145, 146, 147, 150, 151, 153, 160, 161, 162, 163, 165, 167, 168, 170, 176, 178, 180, 189, 190, 191, 192, 193, 194, 195, 197, 200, 201, 205, 218, 219, 221, 222, 226, 227, 234, 235, 238, 244, 246, 248, 250, 253, 256, 262, 263, 267, 270, 273, 274, 278, 282, 285, 286, 295, 297, 298, 300, 311, 314, 315, 317, 319, 320, 321, 323, 331, 332, 335, 338, 346, 347, 349, 365, 366, 367, 368, 384, 385, 390, 391, 392, 397, 399, 400, 401, 402, 403, 408, 415, 416, 418, 420, 423, 426, 427, 428, 430, 431, 440, 442, 449, 450, 451, 453, 455, 457, 464, 468, 469, 471, 478, 479, 480, 482, 484, 485, 487, 496, 498, 499, 501, 509, 510, 511, 513, 514, 515, 516, 517, 518, 519, 520, 521, 522, 524, 525, 526, 527, 530, 531, 533, 534, 535, 536, 537, 540, 541, 542, 544, 545, 548, 558, 559, 560, 561, 562, 563, 568, 569, 570, 572, 573, 574, 575, 576, 577, 580, 591, 593, 594, 595, 596, 597, 599, 600, 602, 603, 604, 606, 607, 611, 612, 613, 614, 615, 619, 624], "missing_lines": [182, 183, 184, 185, 186, 203, 223, 251, 254, 336, 371, 374, 375, 376, 377, 378, 379, 380, 381, 393, 394, 395, 432, 434, 497, 617, 621, 626, 627, 628, 629, 631, 632], "summary": {"covered_lines": 256, "missing_lines": 33, "percent_covered": 88.58131487889273}}, "XBrainLab\\llm\\agent\\__init__.py": {"executed_lines": [1], "missing_lines": [], "summary": {"covered_lines": 1, "missing_lines": 0, "percent_covered": 100.0}}, "XBrainLab\\llm\\agent\\controller.py": {"executed_lines": [1, 8, 9, 10, 11, 12, 13, 15, 17, 18, 19, 21, 22, 23, 24, 26, 29, 30, 51, 52, 53, 54, 55, 56, 57, 58, 61, 62, 63, 65, 67, 77, 78, 81, 82, 83, 85, 86, 89, 92, 93, 94, 96, 99, 100, 101, 102, 105, 106, 107, 110, 112, 113, 116, 117, 118, 121, 122, 123, 124, 126, 132, 136, 138, 146, 149, 150, 152, 163, 164, 167, 168, 169, 171, 172, 174, 176, 179, 180, 181, 184, 185, 186, 190, 191, 192, 193, 194, 195, 197, 204, 205, 206, 207, 210, 211, 214, 216, 227, 231, 233, 236, 237, 238, 239, 242, 243, 246, 248, 249, 250, 251, 254, 256, 262, 267, 270, 271, 274, 279, 280, 281, 282, 284, 286, 288, 289, 290, 307, 312, 313, 315, 316, 318, 320, 321, 323, 324, 327, 328, 329, 330, 331, 334, 336, 348, 349, 353, 355, 358, 360, 364, 365, 370, 371, 373, 378, 380, 381, 382, 383, 385, 386, 387, 388, 390, 395, 397, 400, 402, 403, 406, 409, 415, 416, 417, 418, 419, 420, 421, 423, 424, 425, 426, 428, 430, 431, 433, 443, 453, 454, 455, 456, 459, 460, 461, 462, 463, 465, 466, 469, 470, 471, 473, 483, 484, 485, 486, 488, 500, 501, 502, 503, 504, 505, 506, 507, 509, 511, 512, 514, 526, 527, 528, 529, 530, 532, 548, 552, 554, 558, 559, 561, 562, 563, 565, 566, 567, 569, 572, 574, 575, 576, 578, 579, 580, 581, 583, 585, 587, 588, 590, 596, 598, 599, 600, 601, 602, 603, 604, 605, 607, 609, 610, 611, 613, 614, 615, 617, 618, 620, 631, 633, 634, 636, 638, 639, 640, 641, 642, 643, 646, 648, 650, 661, 663, 664, 667, 668, 669, 670, 672, 675, 678, 679, 680, 682, 683], "missing_lines": [187, 275, 276, 308, 332, 366, 368, 369, 374, 375, 439, 440, 441, 591, 592, 593, 594], "summary": {"covered_lines": 298, "missing_lines": 17, "percent_covered": 94.60317460317461}}, "XBrainLab\\llm\\rag\\__init__.py": {"executed_lines": [1, 7, 8, 9, 11], "missing_lines": [], "summary": {"covered_lines": 5, "missing_lines": 0, "percent_covered": 100.0}}, "XBrainLab\\llm\\rag\\config.py": {"executed_lines": [1, 7, 10, 11, 25, 31, 34, 35, 37, 38, 49, 50, 51, 52], "missing_lines": [], "summary": {"covered_lines": 14, "missing_lines": 0, "percent_covered": 100.0}}, "XBrainLab\\llm\\rag\\indexer.py": {"executed_lines": [1, 7, 8, 10, 11, 12, 13, 14, 15, 24, 26, 29, 30, 39, 41, 42, 45, 46, 48, 66, 67, 68, 73, 74, 76, 79, 80, 81, 82, 85, 86, 88, 89, 91, 104, 108, 110, 111, 113, 114, 115, 116, 117, 118, 119, 123, 124, 128, 129, 130, 131, 133, 135, 136, 137, 140, 141, 142, 144, 146, 147], "missing_lines": [16, 18, 19, 20, 21, 22, 69, 70, 71, 105, 106], "summary": {"covered_lines": 61, "missing_lines": 11, "percent_covered": 84.72222222222223}}, "XBrainLab\\llm\\rag\\retriever.py": {"executed_lines": [1, 7, 8, 10, 15, 17, 20, 21, 35, 37, 38, 39, 40, 42, 49, 52, 53, 54, 55, 56, 58, 59, 63, 66, 67, 68, 71, 72, 73, 74, 76, 77, 83, 90, 92, 93, 94, 99, 105, 107, 109, 111, 112, 116, 117, 118, 119, 120, 121, 122, 131, 132, 134, 136, 139, 155, 158, 160, 164, 165, 166, 167, 168, 169, 171, 172, 175, 176, 178, 180, 183, 186, 187, 188, 193, 194, 195, 201], "missing_lines": [11, 12, 13, 50, 78, 79, 80, 81, 91, 95, 96, 97, 113, 114, 124, 125, 126, 127, 130, 137, 156, 184, 190, 197, 198, 199], "summary": {"covered_lines": 78, "missing_lines": 26, "percent_covered": 75.0}}, "XBrainLab\\llm\\tools\\tool_registry.py": {"executed_lines": [1, 7, 9, 11, 14, 15, 25, 26, 28, 38, 40, 42, 54, 61, 63, 77], "missing_lines": [39, 52], "summary": {"covered_lines": 16, "missing_lines": 2, "percent_covered": 88.88888888888889}}, "XBrainLab\\llm\\agent\\assembler.py": {"executed_lines": [1, 7, 8, 10, 13, 14, 28, 52, 61, 62, 63, 65, 73, 75, 76, 77, 78, 79, 80, 82, 84, 85, 87, 89, 97, 98, 100, 101, 103, 105, 112, 114, 118, 132, 135, 137], "missing_lines": [116], "summary": {"covered_lines": 36, "missing_lines": 1, "percent_covered": 97.29729729729729}}, "XBrainLab\\llm\\agent\\parser.py": {"executed_lines": [1, 7, 8, 10, 13, 14, 21, 22, 23, 24, 45, 49, 50, 51, 53, 54, 56, 57, 58, 60, 61, 64, 66, 67, 69, 70, 84, 86, 88, 94, 99, 100], "missing_lines": [72, 76, 77, 78, 79, 80, 81, 90, 91, 92], "summary": {"covered_lines": 32, "missing_lines": 10, "percent_covered": 76.19047619047619}}, "XBrainLab\\llm\\agent\\verifier.py": {"executed_lines": [1, 7, 10, 11, 20, 21, 24, 25, 36, 44, 46, 48, 49, 50, 73, 74, 76, 77, 81, 82, 83, 85, 86, 93], "missing_lines": [79], "summary": {"covered_lines": 24, "missing_lines": 1, "percent_covered": 96.0}}, "XBrainLab\\llm\\agent\\worker.py": {"executed_lines": [1, 8, 10, 11, 12, 15, 16, 27, 28, 29, 31, 43, 57, 58, 73, 74, 75, 76, 78, 80, 81, 82, 84, 95, 96, 98, 99, 100, 102, 103, 104, 106, 107, 108, 109, 110, 112, 124, 125, 126, 127, 129, 130, 131, 133, 134, 136, 137, 143, 144, 145, 146, 147, 150, 151, 156, 157, 158, 159, 162, 164, 165, 166, 169, 170, 172, 174, 181, 182, 183, 187, 188, 189, 190, 191, 193, 194, 203, 204, 206, 208, 209, 210, 211, 212, 214, 221, 222, 223, 224, 226, 238, 239, 241, 243, 244, 245, 247, 249, 250, 252, 253, 255, 256, 259, 263, 264, 267, 268, 271, 273, 274, 276, 277, 278], "missing_lines": [39, 40, 41, 45, 46, 47, 48, 49, 50, 51, 52, 53, 54, 132, 139, 152, 153, 197, 198, 199, 200, 261], "summary": {"covered_lines": 115, "missing_lines": 22, "percent_covered": 83.94160583941606}}, "XBrainLab\\llm\\core\\engine.py": {"executed_lines": [1, 8, 9, 11, 13, 16, 17, 31, 39, 40, 41, 43, 44, 47, 49, 51, 62, 65, 66, 69, 70, 73, 87, 88, 89, 90, 95, 97, 98, 100, 101, 102, 104, 107, 109, 111, 113, 114, 115, 117, 131, 133], "missing_lines": [74, 75, 76, 78, 81, 82, 84, 85, 92, 132], "summary": {"covered_lines": 42, "missing_lines": 10, "percent_covered": 80.76923076923077}}, "XBrainLab\\ui\\dialogs\\model_settings_dialog.py": {"executed_lines": [1, 7, 9, 10, 13, 14, 27, 28, 31, 32, 47, 49, 50, 51, 53, 54, 55, 58, 61, 62, 64, 65, 68, 69, 70, 71, 72, 74, 75, 77, 79, 80, 83, 84, 87, 88, 89, 96, 97, 98, 101, 102, 103, 104, 106, 107, 108, 109, 110, 113, 114, 115, 117, 118, 121, 122, 125, 126, 127, 128, 129, 130, 131, 134, 135, 136, 137, 139, 140, 141, 142, 143, 145, 146, 149, 150, 151, 152, 162, 164, 167, 169, 170, 171, 172, 174, 175, 176, 178, 179, 188, 189, 191, 192, 194, 197, 198, 199, 202, 205, 209, 210, 211, 214, 215, 217, 218, 220, 222, 223, 226, 227, 228, 230, 231, 232, 233, 234, 235, 237, 238, 239, 240, 241, 243, 245, 247, 249, 250, 251, 252, 254, 255, 257, 259, 261, 262, 263, 265, 267, 269, 270, 271, 273, 274, 276, 278, 279, 280, 281, 282, 283, 285, 287, 288, 290, 292, 293, 294, 295, 296, 300, 308, 310, 317, 318, 319, 321, 328, 329, 330, 331, 334, 336, 337, 339, 341, 343, 344, 346, 347, 348, 350, 351, 352, 353, 361, 363, 366, 367, 368, 370, 371, 372, 373, 374, 375, 376, 377, 379, 402, 409, 410, 411, 414, 415, 417, 418, 420, 427, 428, 429, 431, 432, 433, 435, 439, 440, 441, 443, 445, 446, 448, 450, 453, 454, 455, 456, 459, 460, 461, 462, 472, 475, 477, 479, 481, 482, 483, 486, 487, 489, 490, 492, 493, 498, 499, 500, 507, 508, 510, 513, 514, 519, 521, 522, 523, 525, 527, 528, 529, 531, 538, 541, 542, 550, 551, 553, 563], "missing_lines": [11, 12, 203, 206, 207, 297, 298, 354, 355, 356, 357, 358, 382, 383, 385, 386, 387, 389, 390, 391, 394, 395, 396, 397, 398, 400, 469, 494, 495, 501, 502, 503, 505, 509, 516, 517, 560, 561, 569, 570, 571, 572, 573, 574, 575], "summary": {"covered_lines": 269, "missing_lines": 45, "percent_covered": 85.6687898089172}}, "XBrainLab\\llm\\core\\downloader.py": {"executed_lines": [1, 7, 8, 9, 10, 12, 14, 15, 23, 65, 66, 80, 81, 82, 84, 92, 93, 94, 95, 96, 97, 99, 107, 110, 111, 112, 113, 115, 118, 120, 121, 122, 123, 126, 135, 136, 140, 142, 150, 152, 153, 155, 157, 158, 159, 161, 162, 163, 165, 166, 167, 169, 170, 172, 174, 176, 177, 178, 180, 186, 192, 195, 196, 211, 212, 213, 215, 217, 218, 219, 221, 231, 240, 241, 242, 245, 246, 247, 248, 251, 252, 253, 254, 255, 257, 260, 262, 263, 265, 272, 273, 280, 287, 288, 290, 297], "missing_lines": [16, 17, 40, 41, 42, 44, 46, 48, 51, 52, 53, 54, 55, 58, 59, 61, 62, 129, 131, 132, 154, 232, 233, 234, 235, 238], "summary": {"covered_lines": 96, "missing_lines": 26, "percent_covered": 78.68852459016394}}, "XBrainLab\\ui\\dialogs\\visualization\\__init__.py": {"executed_lines": [1, 7, 8, 9, 11], "missing_lines": [], "summary": {"covered_lines": 5, "missing_lines": 0, "percent_covered": 100.0}}, "XBrainLab\\ui\\dialogs\\visualization\\export_saliency_dialog.py": {"executed_lines": [1, 7, 8, 10, 19, 20, 21, 24, 25, 40, 41, 42, 43, 46, 47, 48, 50, 51, 53, 55, 58, 59, 60, 61, 62, 63, 66, 67, 68, 69, 70, 73, 74, 75, 76, 79, 80, 82, 83, 84, 85, 86, 87, 89, 96, 98, 99, 101, 102, 103, 104, 106, 108, 115, 117, 118, 120, 121, 122, 125, 127, 129, 130, 131, 133, 134, 135], "missing_lines": [97, 116, 128, 137, 138, 139, 140, 141, 142, 144, 145, 146, 147, 148, 150, 152, 153, 154, 156, 157, 159, 160, 162, 163, 165, 166, 168, 169], "summary": {"covered_lines": 67, "missing_lines": 28, "percent_covered": 70.52631578947368}}, "XBrainLab\\ui\\dialogs\\visualization\\montage_picker_dialog.py": {"executed_lines": [1, 7, 8, 23, 28, 31, 32, 51, 52, 53, 55, 56, 57, 58, 62, 65, 68, 69, 71, 72, 75, 76, 80, 82, 87, 90, 91, 93, 94, 95, 98, 99, 102, 103, 104, 106, 107, 109, 110, 112, 115, 116, 117, 120, 121, 122, 124, 125, 127, 130, 131, 132, 133, 134, 135, 136, 137, 139, 142, 143, 145, 146, 147, 150, 152, 154, 156, 157, 159, 160, 161, 163, 170, 173, 174, 175, 178, 181, 184, 185, 186, 188, 191, 192, 193, 196, 197, 200, 201, 202, 203, 205, 209, 210, 211, 212, 213, 214, 217, 218, 221, 224, 225, 226, 228, 229, 235, 237, 241, 243, 246, 247, 248, 249, 251, 253, 254, 255, 257, 259, 260, 264, 265, 278, 292, 295, 296, 299, 302, 303, 304, 306, 307, 321, 322, 323, 326, 337, 340, 342, 343, 344, 347, 349, 350, 352, 354, 355, 360, 361, 362, 363, 364, 367, 368, 391, 393, 395, 396, 397, 398, 399, 400, 401, 402, 404, 406, 408, 409, 413, 416, 418, 419, 420, 421, 425, 433, 436, 437, 439, 440, 441, 443, 444, 445, 446, 447, 448, 450, 455, 456, 459, 460, 462, 463, 465, 466, 467, 472, 479], "missing_lines": [77, 78, 83, 84, 85, 100, 155, 171, 187, 232, 233, 238, 244, 250, 261, 262, 266, 267, 268, 269, 271, 272, 273, 274, 276, 310, 311, 312, 315, 316, 317, 318, 319, 324, 338, 351, 356, 357, 369, 370, 371, 374, 376, 377, 380, 381, 382, 383, 384, 387, 389, 394, 407, 410, 434, 442, 451, 452, 469, 470], "summary": {"covered_lines": 200, "missing_lines": 60, "percent_covered": 76.92307692307692}}, "XBrainLab\\ui\\dialogs\\visualization\\saliency_setting_dialog.py": {"executed_lines": [1, 7, 8, 10, 11, 21, 22, 25, 26, 41, 42, 43, 44, 46, 47, 49, 50, 51, 53, 57, 58, 60, 61, 67, 69, 71, 72, 74, 75, 76, 78, 79, 80, 81, 82, 83, 85, 86, 88, 91, 92, 94, 95, 96, 98, 100, 101, 102, 105, 107, 110, 112, 114, 115, 117, 118, 119, 120, 121, 122, 125, 126, 127, 130, 131, 133, 140, 141, 142, 143, 144, 145, 146, 147, 149, 150, 153, 154, 155, 156, 157, 158, 163, 165, 167, 169, 170, 171, 173, 175, 176, 181, 188], "missing_lines": [59, 103, 108, 116, 148, 160, 161, 164, 166, 168, 178, 179], "summary": {"covered_lines": 93, "missing_lines": 12, "percent_covered": 88.57142857142857}}, "XBrainLab\\ui\\styles\\stylesheets.py": {"executed_lines": [1, 7, 10, 11, 18, 24, 30, 33, 39, 41, 42, 43, 48, 52, 53, 54, 59, 61, 62, 63, 68, 72, 73, 74, 79, 81, 82, 83, 88, 92, 93, 94, 99, 101, 109, 114, 117, 118, 123, 124, 129, 131, 138, 140, 141, 144, 145, 151, 152, 158, 166, 167, 170, 171, 172, 177, 178, 185, 188, 191, 192, 197, 201, 204, 208, 214, 219, 220, 221, 222, 225, 226, 228, 231, 232, 235, 238, 243, 244, 250, 252, 259, 264, 269, 277, 282, 287, 296, 298, 299, 300, 310, 312, 313, 318, 320, 321, 324, 328, 329, 332, 337, 339, 346, 348, 355, 362, 364, 365, 366, 368, 371, 372, 374, 379, 382, 383, 388, 391, 393, 394, 395, 401, 404, 406, 407, 408, 409, 412, 413, 415, 418, 419, 424, 426, 428, 443], "missing_lines": [], "summary": {"covered_lines": 137, "missing_lines": 0, "percent_covered": 100.0}}, "XBrainLab\\ui\\components\\info_panel_service.py": {"executed_lines": [1, 3, 4, 6, 8, 9, 11, 15, 16, 27, 34, 35, 36, 37, 39, 41, 42, 43, 44, 46, 48, 49, 50, 51, 53, 56, 57, 58, 59, 61, 63, 73, 75, 76, 77, 79, 86, 88, 91, 92, 93, 95, 96, 97, 98, 99, 102, 103, 105, 114, 115, 116, 117, 126, 133, 134, 135, 137, 138, 139, 140, 141, 143], "missing_lines": [12, 119, 121, 122, 124], "summary": {"covered_lines": 63, "missing_lines": 5, "percent_covered": 92.6470588235294}}, "XBrainLab\\ui\\core\\observer_bridge.py": {"executed_lines": [1, 3, 5, 7, 10, 11, 23, 25, 34, 35, 36, 39, 41, 54, 56, 66, 67, 69, 71, 72, 73], "missing_lines": [], "summary": {"covered_lines": 21, "missing_lines": 0, "percent_covered": 100.0}}, "XBrainLab\\ui\\panels\\__init__.py": {"executed_lines": [1], "missing_lines": [], "summary": {"covered_lines": 1, "missing_lines": 0, "percent_covered": 100.0}}, "XBrainLab\\ui\\panels\\dataset\\__init__.py": {"executed_lines": [1], "missing_lines": [], "summary": {"covered_lines": 1, "missing_lines": 0, "percent_covered": 100.0}}, "XBrainLab\\ui\\panels\\dataset\\panel.py": {"executed_lines": [1, 3, 4, 5, 14, 15, 16, 17, 19, 20, 23, 24, 39, 49, 50, 53, 56, 59, 60, 62, 64, 65, 66, 68, 69, 70, 71, 73, 75, 78, 79, 80, 83, 84, 85, 86, 88, 89, 90, 91, 92, 93, 95, 97, 98, 99, 102, 105, 106, 108, 130, 132, 136, 137, 140, 141, 142, 144, 146, 147, 148, 150, 151, 152, 155, 158, 161, 162, 163, 166, 167, 168, 171, 172, 173, 176, 177, 178, 179, 180, 181, 188, 189, 191, 192, 196, 197, 199, 200, 203, 205, 207, 214, 215, 217, 218, 219, 223, 225, 226, 227, 228], "missing_lines": [116, 117, 119, 120, 121, 122, 123, 124, 126, 127, 128, 133, 183, 184, 185, 186, 194, 221, 229, 230, 231, 232], "summary": {"covered_lines": 102, "missing_lines": 22, "percent_covered": 82.25806451612904}}, "XBrainLab\\ui\\core\\base_panel.py": {"executed_lines": [1, 3, 4, 7, 8, 20, 28, 29, 31, 37, 46, 48, 60, 66, 73, 74, 75, 77, 78, 80], "missing_lines": [], "summary": {"covered_lines": 20, "missing_lines": 0, "percent_covered": 100.0}}, "XBrainLab\\ui\\panels\\dataset\\actions.py": {"executed_lines": [1, 7, 9, 10, 18, 19, 29, 36, 38, 39, 41, 43, 44, 46, 48, 50, 51, 52, 53, 54, 56, 58, 59, 63, 64, 65, 66, 67, 69, 70, 71, 72, 73, 75, 85, 86, 88, 89, 90, 92, 93, 94, 95, 98, 103, 104, 105, 107, 108, 109, 111, 112, 113, 114, 115, 116, 118, 120, 126, 127, 128, 204, 215, 216, 218, 219, 220, 221, 222, 223, 225, 226, 228, 230, 231, 233, 277, 278, 279, 280, 281, 283, 284, 285, 286, 288, 289, 290, 296, 297, 298, 299, 300, 301, 302, 303, 304, 306, 308, 309, 310, 311, 312, 314, 316, 317], "missing_lines": [91, 130, 131, 132, 133, 134, 135, 137, 139, 140, 141, 142, 143, 146, 147, 148, 149, 150, 151, 153, 154, 156, 157, 158, 159, 160, 161, 162, 164, 165, 166, 167, 168, 169, 170, 171, 173, 174, 175, 176, 177, 178, 179, 180, 181, 184, 185, 186, 187, 188, 189, 192, 193, 194, 195, 196, 197, 200, 201, 202, 245, 246, 247, 249, 250, 251, 252, 254, 255, 256, 259, 260, 261, 262, 263, 265, 266, 267, 269, 270, 271, 273, 274, 275, 291, 292, 293, 294], "summary": {"covered_lines": 106, "missing_lines": 88, "percent_covered": 54.63917525773196}}, "XBrainLab\\ui\\dialogs\\dataset\\__init__.py": {"executed_lines": [1, 7, 8, 9, 10, 11, 12, 14], "missing_lines": [], "summary": {"covered_lines": 8, "missing_lines": 0, "percent_covered": 100.0}}, "XBrainLab\\ui\\dialogs\\dataset\\channel_selection_dialog.py": {"executed_lines": [1, 7, 8, 19, 22, 23, 37, 38, 39, 42, 43, 44, 46, 47, 49, 51, 54, 55, 56, 57, 60, 61, 64, 65, 66, 67, 68, 69, 70, 72, 73, 75, 82, 85, 86, 87, 88, 90, 98, 99, 100, 101, 102, 103, 104, 105, 108, 109, 111, 112, 113, 115, 122, 124, 125, 126, 127, 128, 130, 137, 141, 142, 143, 144, 145, 147, 148, 149, 151, 152, 154, 161], "missing_lines": [83, 123, 138, 139], "summary": {"covered_lines": 72, "missing_lines": 4, "percent_covered": 94.73684210526316}}, "XBrainLab\\ui\\dialogs\\dataset\\data_splitting_dialog.py": {"executed_lines": [1, 8, 10, 11, 12, 13, 23, 30, 32, 38, 39, 48, 49, 50, 53, 54, 71, 72, 73, 74, 75, 76, 77, 78, 79, 81, 83, 84, 86, 94, 95, 96, 98, 107, 108, 109, 110, 112, 113, 116, 126, 127, 128, 129, 131, 139, 140, 142, 149, 150, 151, 153, 154, 156, 157, 160, 161, 165, 166, 168, 169, 174, 176, 177, 178, 180, 182, 184, 185, 186, 188, 190, 197, 198, 199, 200, 202, 209, 210, 211, 212, 214, 221, 222, 223, 224, 225, 226, 229, 230, 242, 243, 244, 245, 246, 247, 249, 256, 257, 259, 327, 328, 348, 349, 352, 354, 356, 357, 361, 362, 363, 364, 365, 367, 368, 371, 372, 373, 374, 375, 376, 378, 379, 381, 383, 385, 388, 389, 390, 393, 394, 395, 396, 397, 399, 400, 401, 402, 403, 404, 407, 410, 411, 412, 413, 414, 417, 418, 419, 420, 421, 423, 424, 427, 428, 429, 430, 431, 433, 435, 436, 437, 439, 441, 443, 447, 448, 449, 452, 453, 454, 455, 456, 458, 459, 461, 462, 464, 465, 466, 467, 468, 472, 474, 476, 477, 478, 480, 481, 482, 483, 484, 485, 486, 487, 488, 489, 491, 492, 493, 494, 495, 496, 497, 498, 499, 500, 502, 503, 504, 505, 506, 507, 508, 509, 510, 511, 513, 515, 517, 518, 519, 520, 521, 522, 524, 525, 526, 527, 529, 530, 531, 532, 533, 534, 535, 536, 538, 539, 540, 541, 544, 546, 547, 548, 549, 550, 555, 556, 557, 558, 559, 561, 565, 566, 567, 568, 569, 572, 573, 574, 575, 576, 579, 580, 582, 583, 587, 588, 589, 590, 591, 594, 595, 596, 597, 598, 600, 601, 602, 604, 606, 613], "missing_lines": [266, 267, 269, 270, 271, 272, 274, 275, 278, 279, 280, 282, 283, 284, 285, 287, 288, 289, 290, 292, 295, 296, 297, 300, 301, 302, 303, 305, 306, 307, 310, 313, 316, 318, 319, 323, 324, 355, 359, 444, 475, 516, 552, 562], "summary": {"covered_lines": 283, "missing_lines": 44, "percent_covered": 86.54434250764525}}, "XBrainLab\\ui\\dialogs\\dataset\\data_splitting_preview_dialog.py": {"executed_lines": [1, 7, 9, 10, 24, 31, 33, 35, 38, 39, 50, 51, 52, 53, 54, 55, 58, 66, 67, 68, 69, 70, 72, 79, 81, 87, 88, 106, 107, 108, 109, 110, 111, 114, 115, 116, 117, 118, 119, 120, 126, 127, 129, 130, 131, 133, 135, 137, 140, 141, 142, 143, 145, 146, 147, 148, 151, 154, 155, 156, 157, 158, 159, 160, 161, 162, 163, 164, 167, 168, 169, 170, 173, 174, 175, 177, 178, 180, 199, 200, 202, 203, 204, 239, 242, 243, 244, 245, 249, 250, 251, 285, 288, 289, 290, 292, 294, 308, 320, 363, 365, 366, 367, 368, 369, 370, 374, 377, 381, 384, 385, 386, 387, 389, 390, 392, 394, 397, 401, 402, 403, 404, 406, 407, 408, 409, 410, 411, 412, 413, 415, 436, 438, 442, 443, 444, 445, 449, 451, 452, 453, 454, 455, 457, 464], "missing_lines": [205, 206, 207, 208, 210, 211, 212, 213, 215, 216, 217, 218, 220, 222, 223, 224, 226, 229, 230, 231, 232, 234, 235, 237, 238, 246, 247, 252, 253, 254, 255, 257, 258, 259, 260, 262, 263, 264, 265, 267, 269, 270, 271, 273, 275, 276, 277, 278, 280, 281, 283, 284, 302, 303, 304, 305, 306, 316, 317, 318, 327, 328, 329, 330, 331, 333, 334, 335, 336, 337, 339, 340, 341, 342, 343, 344, 346, 348, 349, 350, 351, 354, 355, 356, 357, 358, 359, 361, 375, 376, 378, 379, 382, 395, 398, 399, 400, 417, 418, 419, 420, 421, 422, 423, 424, 426, 427, 428, 429, 430, 431, 432, 433, 439, 440, 446, 447], "summary": {"covered_lines": 145, "missing_lines": 117, "percent_covered": 55.343511450381676}}, "XBrainLab\\ui\\dialogs\\dataset\\manual_split_dialog.py": {"executed_lines": [1, 7, 14, 17, 18, 31, 32, 33, 36, 38, 39, 41, 43, 45, 46, 47, 50, 52, 53, 55, 57, 59, 60, 62, 63, 64, 66, 68, 72, 73, 76, 77, 78, 79, 82, 83, 84, 86, 94], "missing_lines": [69, 70, 80], "summary": {"covered_lines": 39, "missing_lines": 3, "percent_covered": 92.85714285714286}}, "XBrainLab\\ui\\dialogs\\dataset\\event_filter_dialog.py": {"executed_lines": [1, 7, 8, 19, 22, 23, 39, 40, 41, 42, 45, 46, 47, 48, 50, 51, 53, 55, 57, 60, 62, 64, 65, 66, 67, 69, 70, 71, 74, 75, 77, 79, 81, 84, 85, 86, 87, 88, 89, 90, 92, 93, 94, 96, 99, 100, 102, 103, 104, 106, 113, 115, 116, 117, 118, 119, 121, 123, 125, 126, 127, 140, 169, 181, 183, 184, 185, 186, 187, 188, 191, 193, 195, 202, 204, 211, 213, 226, 228, 231, 232, 233, 234], "missing_lines": [114, 124, 130, 131, 132, 133, 134, 137, 138, 147, 148, 149, 150, 151, 152, 154, 156, 157, 158, 160, 161, 162, 163, 164, 165, 166, 167, 176, 177, 179, 229], "summary": {"covered_lines": 83, "missing_lines": 31, "percent_covered": 72.80701754385964}}, "XBrainLab\\ui\\dialogs\\dataset\\import_label_dialog.py": {"executed_lines": [1, 7, 8, 10, 11, 12, 27, 28, 29, 32, 33, 48, 49, 50, 53, 54, 55, 57, 58, 60, 62, 65, 66, 68, 69, 70, 72, 73, 74, 75, 76, 77, 78, 79, 81, 82, 83, 84, 87, 88, 90, 91, 92, 93, 94, 95, 96, 98, 99, 102, 103, 106, 107, 109, 110, 111, 113, 139, 141, 142, 156, 160, 167, 168, 169, 170, 172, 176, 179, 180, 181, 182, 183, 184, 187, 190, 192, 193, 194, 195, 196, 198, 199, 200, 201, 205, 206, 218, 219, 221, 222, 223, 227, 228, 229, 231, 240, 241, 243, 244, 245, 246, 247, 248, 249, 250, 251, 253, 255, 262, 264, 266, 267, 268, 271, 272, 273, 274, 276], "missing_lines": [115, 116, 117, 118, 119, 121, 122, 124, 125, 127, 128, 130, 131, 132, 133, 134, 135, 137, 144, 145, 146, 148, 149, 150, 151, 152, 154, 177, 207, 208, 209, 210, 211, 212, 213, 214, 215], "summary": {"covered_lines": 119, "missing_lines": 37, "percent_covered": 76.28205128205128}}, "XBrainLab\\ui\\dialogs\\dataset\\label_mapping_dialog.py": {"executed_lines": [1, 7, 9, 10, 19, 20, 23, 24, 39, 40, 41, 42, 45, 46, 48, 49, 51, 53, 55, 56, 57, 62, 65, 66, 67, 68, 69, 71, 72, 74, 78, 79, 80, 81, 84, 85, 86, 87, 88, 89, 90, 93, 95, 96, 97, 98, 100, 102, 103, 105, 108, 109, 110, 111, 112, 115, 116, 118, 119, 121, 122, 123, 125, 136, 137, 140, 141, 142, 144, 145, 147, 148, 151, 152, 155, 156, 157, 158, 160, 161, 162, 165, 166, 172, 173, 174, 180, 184, 186, 188, 190, 191, 192, 193, 194, 195, 196, 198, 199, 201, 203, 210, 212], "missing_lines": [99, 149, 175, 176, 181, 182, 219], "summary": {"covered_lines": 103, "missing_lines": 7, "percent_covered": 93.63636363636364}}, "XBrainLab\\ui\\dialogs\\dataset\\smart_parser_dialog.py": {"executed_lines": [1, 7, 8, 9, 11, 12, 31, 32, 35, 36, 51, 52, 53, 56, 60, 61, 62, 63, 64, 65, 66, 67, 68, 71, 72, 73, 74, 75, 76, 77, 78, 79, 80, 81, 83, 84, 87, 88, 90, 92, 95, 96, 99, 100, 102, 103, 104, 105, 107, 108, 109, 110, 112, 113, 114, 115, 116, 118, 119, 120, 121, 122, 123, 126, 129, 130, 132, 133, 134, 136, 138, 139, 140, 141, 142, 144, 145, 146, 147, 148, 150, 151, 152, 154, 157, 158, 160, 161, 162, 164, 165, 168, 169, 170, 172, 173, 174, 175, 177, 178, 179, 180, 181, 183, 184, 185, 186, 188, 191, 192, 193, 194, 196, 197, 199, 201, 204, 205, 207, 208, 209, 210, 212, 213, 214, 215, 217, 218, 219, 220, 222, 223, 224, 225, 227, 228, 229, 230, 231, 233, 234, 235, 236, 237, 239, 240, 242, 244, 246, 247, 250, 251, 252, 253, 255, 256, 257, 258, 261, 262, 263, 264, 265, 267, 268, 269, 270, 272, 274, 276, 279, 280, 281, 282, 288, 290, 305, 307, 310, 311, 313, 314, 316, 317, 318, 320, 321, 323, 325, 326, 329, 330, 331, 332, 333, 334, 335, 338, 339, 340, 341, 342, 343, 344, 367, 368, 371, 372, 373, 374, 375, 376, 378, 379, 381, 382, 384, 391, 393, 398, 400, 403, 404, 407, 408, 409, 410, 411, 412, 415, 416, 417, 418, 419, 420, 421, 422, 425, 426, 427, 428, 429, 430, 431, 432, 434, 436, 439, 440, 441, 442, 443, 446, 447, 448, 450, 451, 452, 453, 456, 457, 458, 460, 461, 462, 463, 464, 465, 468, 469, 470, 472, 473, 474, 475, 476, 478, 479], "missing_lines": [277, 283, 284, 285, 286, 297, 298, 300, 301, 302, 303, 308, 347, 348, 350, 351, 352, 353, 354, 355, 356, 358, 359, 360, 361, 362, 363, 395, 396], "summary": {"covered_lines": 278, "missing_lines": 29, "percent_covered": 90.55374592833876}}, "XBrainLab\\ui\\panels\\dataset\\sidebar.py": {"executed_lines": [1, 3, 4, 13, 14, 15, 18, 19, 35, 43, 44, 45, 46, 48, 49, 51, 53, 54, 56, 58, 60, 61, 62, 64, 65, 68, 69, 70, 73, 74, 75, 76, 77, 78, 79, 80, 83, 84, 85, 86, 88, 89, 90, 91, 92, 94, 95, 96, 97, 98, 100, 101, 102, 103, 104, 106, 108, 111, 112, 113, 114, 116, 117, 118, 119, 120, 122, 123, 124, 125, 126, 128, 130, 132, 134, 138, 141, 142, 143, 146, 149, 150, 151, 154, 155, 160, 166, 169, 173, 184, 185, 186, 187, 190, 192, 195, 196, 197, 198, 199, 200, 201, 202, 203, 204, 205, 206, 215, 217, 218, 219, 220, 221, 223, 224, 225, 226, 227], "missing_lines": [167, 170, 171, 174, 175, 176, 177, 182, 193, 208, 209, 210, 211, 212, 228, 229], "summary": {"covered_lines": 118, "missing_lines": 16, "percent_covered": 88.05970149253731}}, "XBrainLab\\ui\\components\\info_panel.py": {"executed_lines": [1, 3, 4, 13, 14, 15, 16, 19, 20, 32, 40, 41, 44, 45, 47, 50, 51, 52, 55, 56, 57, 58, 59, 60, 61, 62, 63, 64, 65, 67, 68, 70, 73, 82, 83, 84, 85, 87, 103, 104, 106, 108, 109, 110, 113, 114, 115, 116, 118, 120, 122, 125, 126, 127, 131, 132, 133, 138, 140, 142, 143, 144, 145, 149, 151, 165, 166, 169, 170, 171, 173, 174, 175, 177, 178, 180, 182, 183, 184, 185, 186, 187, 188, 192, 194, 195, 196, 197, 198, 200, 204, 205, 207, 208, 209, 210, 211, 212, 214, 215, 216, 217, 219, 220, 222, 223, 224, 225, 226, 227, 228, 229, 230, 231, 232, 233, 234, 236, 244, 245, 246, 247, 248, 250, 252, 253, 254, 255], "missing_lines": [189, 190, 201, 202], "summary": {"covered_lines": 128, "missing_lines": 4, "percent_covered": 96.96969696969697}}, "XBrainLab\\ui\\panels\\evaluation\\__init__.py": {"executed_lines": [1], "missing_lines": [], "summary": {"covered_lines": 1, "missing_lines": 0, "percent_covered": 100.0}}, "XBrainLab\\ui\\panels\\evaluation\\panel.py": {"executed_lines": [1, 3, 4, 17, 18, 19, 20, 21, 22, 23, 24, 25, 28, 29, 50, 62, 63, 66, 69, 72, 73, 75, 78, 79, 80, 82, 83, 84, 85, 86, 88, 90, 92, 93, 96, 97, 99, 100, 101, 102, 104, 105, 106, 108, 113, 114, 115, 116, 117, 118, 120, 122, 124, 126, 129, 130, 131, 134, 135, 137, 138, 141, 142, 143, 146, 147, 149, 150, 152, 153, 154, 156, 158, 159, 160, 163, 203, 206, 207, 210, 211, 212, 213, 215, 216, 218, 219, 220, 222, 224, 225, 227, 231, 233, 234, 235, 238, 239, 240, 241, 244, 245, 246, 249, 252, 253, 254, 257, 258, 261, 262, 264, 267, 268, 269, 270, 272, 275, 276, 279, 280, 281, 282, 283, 285, 288, 289, 290, 291, 292, 294, 297, 298, 299, 301, 302, 305, 308, 309, 310, 311, 312, 313, 316, 317, 318, 319, 320, 321, 322, 323, 326, 327, 330, 331, 332, 333, 335, 336, 339, 340, 341, 343, 346, 347], "missing_lines": [111, 127, 164, 165, 166, 168, 169, 170, 171, 172, 174, 175, 187, 189, 190, 191, 192, 195, 196, 198, 199, 200], "summary": {"covered_lines": 165, "missing_lines": 22, "percent_covered": 88.23529411764706}}, "XBrainLab\\backend\\training\\record\\wrappers.py": {"executed_lines": [1, 3, 6, 7, 16, 24, 26, 37, 40, 41, 54, 63, 64, 65, 67, 78, 79, 80, 81], "missing_lines": [], "summary": {"covered_lines": 19, "missing_lines": 0, "percent_covered": 100.0}}, "XBrainLab\\ui\\panels\\evaluation\\confusion_matrix.py": {"executed_lines": [1, 3, 4, 5, 6, 7, 9, 10, 11, 14, 15, 28, 35, 36, 37, 39, 41, 42, 45, 46, 47, 50, 51, 52, 54, 56, 57, 58, 59, 60, 61, 62, 64, 66, 67, 69, 77, 78, 79, 80, 81, 82, 83, 86, 87, 89, 90, 91, 100, 101, 114, 120, 122, 124, 127, 128, 136, 144, 145, 146, 147], "missing_lines": [102, 105, 106, 107, 109, 112, 115, 116, 130, 132, 133, 134], "summary": {"covered_lines": 61, "missing_lines": 12, "percent_covered": 83.56164383561644}}, "XBrainLab\\ui\\panels\\evaluation\\metrics_bar_chart.py": {"executed_
[...]
46, 48, 49, 52, 56, 57], "missing_lines": [], "summary": {"covered_lines": 36, "missing_lines": 0, "percent_covered": 100.0}}, "tests\\unit\\ui\\preprocess\\test_preprocess_performance.py": {"executed_lines": [1, 2, 4, 6, 9, 11, 12, 13, 14, 15, 17, 18, 21, 24, 27, 28, 29, 32, 33, 34, 37, 40, 43, 46, 48, 49, 50, 51, 52, 54, 55, 57, 59, 60, 61, 62, 64, 65, 67, 68, 69], "missing_lines": [], "summary": {"covered_lines": 41, "missing_lines": 0, "percent_covered": 100.0}}, "tests\\unit\\ui\\preprocess\\test_preprocess_plotter.py": {"executed_lines": [1, 3, 4, 6, 9, 10, 11, 14, 15, 18, 19, 20, 21, 22, 23, 26, 27, 28, 30, 31, 33, 34, 36, 39, 40, 41, 42, 45, 46, 47, 50, 51, 52, 54, 57, 58, 60, 63, 64, 65, 66, 69, 70, 73, 74, 75, 76, 79, 80, 83, 86, 89, 92, 93, 96, 98, 99, 100, 101, 104, 107, 110, 113, 114, 115, 117, 120, 121], "missing_lines": [], "summary": {"covered_lines": 68, "missing_lines": 0, "percent_covered": 100.0}}, "tests\\unit\\ui\\styles\\__init__.py": {"executed_lines": [], "missing_lines": [], "summary": {"covered_lines": 0, "missing_lines": 0, "percent_covered": 100.0}}, "tests\\unit\\ui\\styles\\test_icons.py": {"executed_lines": [1, 3, 5, 8, 9, 10, 11, 12, 13, 14, 15, 16, 18, 19, 20, 21, 23, 24, 26, 27, 28, 29, 31, 32, 34, 35, 36], "missing_lines": [], "summary": {"covered_lines": 27, "missing_lines": 0, "percent_covered": 100.0}}, "XBrainLab\\ui\\styles\\icons.py": {"executed_lines": [1, 3, 5, 8, 9, 21, 22, 23, 24, 25, 26, 27, 31, 32, 39, 41, 42, 52], "missing_lines": [], "summary": {"covered_lines": 18, "missing_lines": 0, "percent_covered": 100.0}}, "tests\\unit\\ui\\styles\\test_theme.py": {"executed_lines": [1, 3, 4, 5, 7, 10, 11, 13, 14, 16, 17, 19, 20, 22, 23, 24, 25, 27, 28, 29, 32, 33, 35, 36, 37, 39, 40, 41, 42, 43, 45, 46, 47, 48, 49, 50, 52, 53, 54, 55, 56, 57, 59, 60, 61, 62, 63, 65, 67, 69, 70, 71, 72, 73, 74, 75, 76, 79, 80, 81, 82, 84, 85, 86, 88, 89, 90], "missing_lines": [], "summary": {"covered_lines": 67, "missing_lines": 0, "percent_covered": 100.0}}, "tests\\unit\\ui\\test_coverage_batch5.py": {"executed_lines": [1, 4, 6, 8, 9, 10, 17, 18, 19, 21, 22, 23, 27, 29, 30, 31, 33, 34, 36, 37, 38, 40, 41, 43, 44, 45, 47, 48, 49, 50, 52, 53, 54, 55, 57, 58, 59, 61, 62, 63, 71, 72, 73, 74, 76, 77, 78, 79, 80, 81, 82, 84, 85, 86, 88, 89, 90, 92, 93, 94, 95, 96, 97, 99, 100, 101, 102, 103, 104, 105, 106, 108, 109, 110, 111, 112, 113, 114, 115, 117, 118, 119, 120, 121, 122, 123, 124, 125, 127, 128, 129, 130, 132, 133, 134, 135, 137, 138, 139, 140, 141, 142, 144, 145, 146, 147, 148, 149, 150, 152, 153, 154, 155, 156, 159, 160, 161, 162, 163, 164, 165, 166, 167, 168, 169, 170, 171, 172, 173, 174, 175, 177, 178, 179, 180, 181, 182, 183, 184, 186, 187, 188, 189, 190, 191, 192, 193, 196, 197, 198, 199, 200, 201, 202, 203, 204, 205, 207, 208, 209, 210, 211, 212, 213, 214, 216, 217, 218, 219, 220, 221, 222, 223, 225, 226, 228, 229, 230, 231, 233, 235, 236, 237, 238, 239, 240, 249, 250, 251, 252, 254, 255, 256, 258, 259, 260, 262, 263, 265, 266, 267, 268, 270, 271, 272, 273, 274, 276, 277, 278, 279, 281, 282, 284, 285, 286, 288, 289, 290, 292, 293, 294, 295, 296, 297, 299, 300, 301, 302, 304, 305, 306, 307, 308, 310, 311, 313, 314, 315, 316, 317, 319, 321, 322, 323, 324, 325, 326, 334, 335, 336, 337, 338, 339, 340, 342, 344, 345, 346, 347, 348, 349, 350, 352, 353, 354, 355, 357, 358, 359, 361, 362, 364, 365, 366, 367, 369, 370, 371, 372, 373, 375, 376, 377, 378, 379, 381, 382, 383, 384, 386, 387, 388, 389, 391, 392, 393, 394, 395, 396, 398, 399, 400, 401, 402, 404, 405, 406, 408, 409, 410, 412, 413, 414, 415, 417, 418, 419, 420, 422, 423, 424, 425, 426, 427, 429, 430, 431, 432, 433, 434, 436, 437, 438, 439, 440, 441, 443, 444, 445, 446, 447, 448, 450, 451, 452, 453, 454, 455, 456, 457, 458, 460, 461, 462, 463, 464, 467, 468, 469, 471, 472, 473, 474, 475, 476, 477, 479, 480, 481, 482, 483, 484, 486, 487, 488, 491, 492, 493, 494, 495, 497, 498, 499, 500, 502, 503, 504, 505, 507, 508, 509, 510, 511, 512, 514, 515, 516, 517, 518, 519, 520, 521, 522, 523, 524, 525, 526, 534, 535, 536, 537, 541, 542, 543, 545, 546, 548, 549, 550, 552, 553, 554, 555, 556, 558, 559, 561, 562, 563, 564, 565, 566, 567, 568, 569, 571, 572, 574, 575, 577, 578, 579, 580, 581, 582, 583, 584, 585, 586, 588, 589, 591, 592, 593, 594, 595, 596, 597, 598, 599, 607, 608, 609, 610, 614, 615, 616, 618, 619, 621, 622, 623, 624, 625, 627, 628, 630, 631, 633, 634, 635, 636, 637, 638, 639, 640, 641, 643, 644, 646, 647, 648, 649, 650, 651, 652, 653, 655, 656, 658, 659, 660, 661, 662, 663, 671, 672, 673, 674, 678, 679, 680, 682, 683, 684, 685, 686, 687, 688, 689, 690, 691, 692, 694, 695, 696, 697, 698, 699, 700, 701, 702, 704, 705, 706, 707, 708, 709, 710, 711, 712, 713], "missing_lines": [], "summary": {"covered_lines": 543, "missing_lines": 0, "percent_covered": 100.0}}, "tests\\unit\\ui\\test_data_splitting_deep_cov.py": {"executed_lines": [1, 3, 5, 7, 8, 13, 14, 15, 17, 19, 20, 21, 23, 24, 25, 26, 27, 29, 30, 31, 32, 34, 35, 36, 37, 38, 40, 41, 42, 43, 44, 46, 47, 48, 49, 50, 51, 53, 54, 55, 56, 57, 58, 59, 60, 62, 63, 64, 65, 66, 67, 68, 70, 71, 72, 73, 74, 76, 77, 78, 79, 80, 82, 83, 84, 85, 86, 87, 88, 94, 95, 96, 98, 99, 100, 102, 103, 109, 110, 112, 113, 114, 115, 117, 118, 124, 125, 126, 128, 129, 130, 131, 134, 140, 141, 142, 143, 147, 148, 149, 150, 151, 152, 153, 155, 156, 157, 159, 160, 162, 163, 165, 166, 167, 168, 170, 171, 172, 174, 175, 176, 178, 179, 180, 182, 183, 184, 186, 187, 188, 190, 191, 192, 194, 195, 196, 198, 199, 200, 202, 203, 204, 205, 206, 207, 208, 210, 211, 212, 213, 214, 215, 217, 218, 220, 221, 222, 224, 225, 226, 228, 229, 230, 232, 233, 234, 236, 237, 238, 244, 245, 246, 247, 249, 250, 251, 252, 253, 255, 256, 260, 261, 262, 263, 264, 266, 267, 268, 269, 271, 272, 273, 274, 276, 277, 278, 279, 280, 282, 283, 285, 286, 288], "missing_lines": [], "summary": {"covered_lines": 203, "missing_lines": 0, "percent_covered": 100.0}}, "tests\\unit\\ui\\test_dialogs_batch4_cov.py": {"executed_lines": [1, 4, 6, 8, 13, 14, 15, 16, 18, 19, 20, 21, 23, 24, 26, 27, 28, 30, 31, 33, 34, 35, 36, 37, 39, 40, 41, 42, 43, 45, 46, 47, 48, 49, 51, 52, 53, 59, 60, 61, 62, 64, 65, 66, 67, 69, 70, 72, 74, 75, 76, 77, 78, 79, 81, 82, 84, 85, 86, 87, 93, 94, 95, 96, 100, 101, 110, 111, 112, 113, 115, 116, 118, 119, 120, 122, 123, 125, 126, 127, 128, 129, 131, 132, 133, 134, 140, 141, 142, 143, 147, 148, 149, 151, 152, 154, 155, 157, 158, 160, 161, 163, 164, 165, 166, 167, 173, 174, 175, 176, 178, 179, 180, 181, 183, 184, 185, 187, 188, 190, 191, 192, 194, 195, 201, 202, 203, 204, 206, 211, 212, 213, 215, 216, 218, 219, 221, 222, 228, 229, 230, 231, 235, 236, 237, 238, 239, 240, 241, 243, 244, 246, 247, 248, 249, 250, 251, 253, 254, 255, 257, 259, 260, 261, 262, 264, 270, 271, 272, 273, 275, 277, 278, 279, 280, 281, 282, 284, 285, 287, 288, 290, 291, 292, 293, 294, 295, 297, 298, 299, 300, 302, 304, 305, 306, 307, 308, 309, 311, 312, 313, 315, 316, 317, 318, 319, 320, 322, 323], "missing_lines": [], "summary": {"covered_lines": 209, "missing_lines": 0, "percent_covered": 100.0}}, "tests\\unit\\ui\\test_evaluation_panel_redesign.py": {"executed_lines": [1, 3, 4, 12, 13, 14, 15, 19, 20, 21, 22, 24, 25, 26, 27, 28, 29, 30, 32, 33, 34, 35, 36, 38, 39, 40, 41, 42, 47, 48, 49, 50, 52, 53, 55, 58, 61, 62, 63, 64, 66, 67, 69, 70, 73, 74, 75, 76, 77, 80, 81, 84, 85, 86, 87, 88, 90, 91, 92, 93, 94, 95, 96, 97, 99, 103, 104, 105, 106, 109, 111, 112, 113, 114, 117, 118, 121, 122, 125, 126, 129, 130, 133, 134, 137, 138, 141, 142, 143, 145, 146, 147, 150, 152, 153, 154, 155, 158, 161, 164, 165, 169, 170, 171, 173, 174, 177, 180, 181, 182, 185, 186, 188, 191, 192], "missing_lines": [100], "summary": {"covered_lines": 115, "missing_lines": 1, "percent_covered": 99.13793103448276}}, "tests\\unit\\ui\\test_main_window.py": {"executed_lines": [1, 2, 3, 5, 6, 9, 10, 17, 18, 25, 26, 28, 35, 36, 38], "missing_lines": [11, 12, 13, 14, 19, 20, 21, 22, 30, 31, 32, 43, 44, 45, 46, 47, 48, 51, 53, 54, 55, 56, 57, 59, 62, 65, 66, 67, 70], "summary": {"covered_lines": 15, "missing_lines": 29, "percent_covered": 34.09090909090909}}, "tests\\unit\\ui\\test_main_window_sync.py": {"executed_lines": [1, 3, 4, 6, 9, 10, 11, 14, 15, 17, 18, 19, 20, 22, 25, 26, 28, 29, 31, 32, 34, 35, 37, 38, 40, 41, 44, 46, 47, 50, 52, 53, 56, 58, 59, 62, 64, 65, 68, 70, 71], "missing_lines": [], "summary": {"covered_lines": 41, "missing_lines": 0, "percent_covered": 100.0}}, "tests\\unit\\ui\\test_observer_bridge.py": {"executed_lines": [1, 3, 4, 7, 8, 11, 16, 17, 20, 21, 24, 27, 30, 31, 32, 33, 36, 38, 39, 41, 43, 44, 46, 48, 50, 52, 53, 56, 58, 59, 61, 62, 64, 66], "missing_lines": [], "summary": {"covered_lines": 34, "missing_lines": 0, "percent_covered": 100.0}}, "tests\\unit\\ui\\test_panels_and_dialogs_cov.py": {"executed_lines": [1, 3, 5, 7, 12, 13, 14, 15, 16, 17, 18, 19, 20, 21, 22, 23, 25, 26, 27, 29, 30, 31, 32, 33, 35, 36, 37, 38, 39, 40, 42, 43, 47, 48, 50, 51, 52, 54, 55, 56, 57, 58, 59, 61, 62, 66, 67, 68, 69, 71, 78, 79, 80, 81, 82, 83, 84, 85, 86, 87, 88, 89, 90, 92, 93, 94, 98, 99, 101, 102, 103, 105, 106, 108, 109, 111, 112, 114, 115, 117, 118, 119, 121, 122, 123, 124, 126, 127, 128, 130, 131, 132, 134, 135, 136, 142, 143, 144, 145, 147, 150, 151, 152, 153, 155, 157, 158, 159, 160, 162, 163, 164, 166, 167, 168, 170, 171, 172, 174, 176, 178, 179, 180, 181, 182, 183, 185, 186, 188, 189, 190, 192, 193, 195, 196, 198, 199, 201, 202, 204, 205, 211, 212, 213, 214, 216, 217, 218, 219, 220, 221, 223, 225, 226, 227, 228, 230, 231, 232, 234, 236, 238, 239, 240, 241, 242, 243, 245, 246, 248, 249, 251, 252, 254, 255], "missing_lines": [], "summary": {"covered_lines": 175, "missing_lines": 0, "percent_covered": 100.0}}, "tests\\unit\\ui\\test_sidebars_and_components_cov.py": {"executed_lines": [1, 3, 5, 7, 8, 11, 12, 13, 14, 16, 17, 18, 19, 20, 21, 27, 28, 29, 30, 32, 33, 34, 35, 36, 38, 39, 41, 42, 44, 46, 48, 49, 50, 52, 54, 55, 57, 58, 59, 60, 62, 63, 64, 65, 67, 68, 69, 70, 72, 73, 74, 75, 77, 78, 79, 80, 82, 83, 84, 85, 86, 87, 89, 90, 91, 92, 94, 95, 96, 97, 99, 100, 101, 102, 104, 105, 106, 107, 109, 110, 111, 112, 113, 114, 116, 117, 118, 120, 121, 123, 124, 126, 127, 133, 134, 135, 136, 138, 139, 140, 141, 142, 143, 144, 145, 147, 148, 150, 151, 153, 155, 156, 158, 159, 160, 161, 162, 163, 164, 165, 166, 167, 169, 170, 171, 172, 173, 174, 175, 176, 177, 178, 180, 181, 182, 183, 185, 186, 189, 191, 192, 194, 196, 197, 198, 199, 201, 202, 204, 205, 207, 208, 214, 215, 216, 217, 219, 220, 221, 222, 223, 224, 226, 227, 229, 230, 232, 233, 234, 235, 236, 237, 238, 239, 240, 241, 243, 244, 246, 247, 249, 250, 256, 257, 258, 260, 261, 262, 264, 265, 267, 268, 269, 271, 272, 274, 276, 277, 278, 279, 281, 282, 284, 286, 287, 288, 289, 292, 293, 294, 296, 297, 298, 300, 301, 303, 304, 305], "missing_lines": [], "summary": {"covered_lines": 218, "missing_lines": 0, "percent_covered": 100.0}}, "tests\\unit\\ui\\test_ui_components_deep_cov.py": {"executed_lines": [1, 3, 5, 7, 8, 13, 14, 15, 17, 18, 19, 21, 22, 24, 25, 26, 32, 33, 34, 36, 37, 38, 40, 41, 43, 44, 45, 47, 48, 50, 51, 52, 58, 59, 60, 64, 65, 66, 68, 69, 73, 74, 75, 78, 79, 80, 84, 85, 86, 88, 89, 93, 94, 95, 101, 102, 103, 105, 106, 107, 109, 110, 112, 113, 114, 115, 116, 122, 123, 124, 126, 127, 128, 130, 131, 133, 134, 136, 137, 143, 144, 145, 146, 147, 149, 150, 151, 152, 153, 155, 156, 158, 159, 166, 167, 168, 169, 170, 172, 173, 174, 175, 176, 177, 178, 179, 180, 181, 182, 183, 184, 186, 188, 189, 191, 192, 194, 195], "missing_lines": [], "summary": {"covered_lines": 118, "missing_lines": 0, "percent_covered": 100.0}}, "tests\\unit\\ui\\test_ui_structure_refactored.py": {"executed_lines": [1, 3, 4, 6, 7, 8, 9, 10, 11, 14, 15, 16, 17, 19, 22, 23, 24, 25, 26, 27, 28, 30, 31, 34, 35, 36, 38, 42], "missing_lines": [18, 39, 40, 43, 44], "summary": {"covered_lines": 28, "missing_lines": 5, "percent_covered": 84.84848484848484}}, "tests\\unit\\ui\\test_visualization_average.py": {"executed_lines": [1, 2, 4, 6, 9, 12, 13, 15, 16, 17, 18, 19, 20, 21, 22, 24, 25, 26, 27, 28, 29, 30, 31, 34, 35, 36, 37, 40, 41, 44, 45, 48, 51, 54, 55], "missing_lines": [], "summary": {"covered_lines": 35, "missing_lines": 0, "percent_covered": 100.0}}, "tests\\unit\\ui\\test_visualization_cov.py": {"executed_lines": [1, 3, 5, 7, 8, 13, 14, 16, 17, 19, 23, 24, 28, 29, 30, 32, 36, 37, 38, 40, 41, 42, 44, 48, 50, 56, 57, 58, 62, 63, 64, 66, 67, 71, 72, 73, 74, 75, 77, 78, 82, 83, 85, 86, 87, 88, 90, 91, 92, 93, 94, 99, 100, 110, 111, 112, 116, 117, 118, 120, 121, 125, 126, 127, 128, 129, 135, 136, 137, 141, 142, 143, 145, 146, 150, 151, 152, 153, 154, 160, 161, 162, 163, 165, 169, 170, 171, 173, 174, 175, 177, 181, 182, 183, 185, 186, 187, 189, 193, 194, 195, 197, 198, 199, 201, 205, 206, 207, 209], "missing_lines": [25, 26, 101, 102, 103, 104], "summary": {"covered_lines": 109, "missing_lines": 6, "percent_covered": 94.78260869565217}}, "tests\\unit\\ui\\test_visualization_panel_redesign.py": {"executed_lines": [1, 2, 3, 5, 8, 9, 10, 11, 13, 16, 17, 18, 21, 24, 31, 32, 33, 79, 83, 97, 118, 119, 137, 138, 144, 161, 168, 185, 186, 211, 212, 213, 214, 215], "missing_lines": [35, 36, 38, 40, 43, 44, 45, 48, 49, 50, 53, 56, 57, 58, 59, 62, 63, 64, 65, 68, 69, 72, 73, 76, 77, 80, 81, 85, 86, 87, 88, 89, 92, 93, 94, 95, 100, 101, 105, 108, 111, 114, 115, 116, 122, 123, 124, 127, 130, 131, 133, 134, 135, 140, 141, 142, 147, 148, 149, 152, 153, 154, 157, 158, 159, 164, 165, 166, 170, 173, 175, 176, 181, 182, 183, 188, 191, 194, 195, 196, 197, 199, 200, 201, 202, 203, 204, 208, 209, 217, 220, 221, 224, 227, 228, 229, 232, 236, 237, 238, 240, 242, 243, 244, 245, 246, 247, 251, 254, 258, 259, 260], "summary": {"covered_lines": 34, "missing_lines": 112, "percent_covered": 23.28767123287671}}, "tests\\unit\\ui\\test_workflow.py": {"executed_lines": [1, 2, 4, 5, 6, 7, 10, 11, 18, 19, 26, 27, 29], "missing_lines": [12, 13, 14, 15, 20, 21, 22, 23, 38, 39, 42, 43, 46, 48, 51, 53], "summary": {"covered_lines": 13, "missing_lines": 16, "percent_covered": 44.827586206896555}}, "tests\\unit\\ui\\training\\__init__.py": {"executed_lines": [], "missing_lines": [], "summary": {"covered_lines": 0, "missing_lines": 0, "percent_covered": 100.0}}, "tests\\unit\\ui\\training\\test_history_table.py": {"executed_lines": [1, 3, 4, 6, 9, 10, 11, 12, 13, 16, 17, 18, 21, 22, 23, 26, 28, 29, 31, 32, 33, 34, 35, 36, 38, 39, 40, 41, 42, 43, 44, 45, 49, 51, 52, 53, 54, 55, 56, 59, 61, 62, 63, 64, 68, 70, 71, 73, 76, 77, 78, 80, 82, 83], "missing_lines": [], "summary": {"covered_lines": 54, "missing_lines": 0, "percent_covered": 100.0}}, "tests\\unit\\ui\\training\\test_metric_tab.py": {"executed_lines": [1, 2, 4, 7, 8, 9, 10, 11, 14, 15, 16, 17, 18, 19, 22, 23, 24, 25, 26, 27, 30, 33, 34, 35, 37, 38, 39, 40], "missing_lines": [], "summary": {"covered_lines": 28, "missing_lines": 0, "percent_covered": 100.0}}, "tests\\unit\\ui\\training\\test_model_selection.py": {"executed_lines": [1, 3, 4, 6, 10, 11, 15, 16, 17, 19, 20, 22, 23, 24, 25, 27, 28, 29, 30, 32, 34, 37, 38, 39, 40, 41, 43, 44, 45, 47, 49, 52, 53, 54, 57, 58, 59, 60, 61, 62, 64, 65, 66, 68, 70, 71, 74, 75, 76], "missing_lines": [12], "summary": {"covered_lines": 49, "missing_lines": 1, "percent_covered": 98.0}}, "tests\\unit\\ui\\training\\test_test_only_setting_cov.py": {"executed_lines": [1, 3, 5, 7, 8, 10, 13, 14, 15, 16, 17, 20, 21, 22, 23, 25, 26, 28, 29, 30, 32, 33, 34, 37, 38, 39, 40, 41, 42, 43, 44, 45, 46, 47, 49, 50, 51, 52, 53, 54, 55, 56, 59, 60, 61, 62, 63, 65, 66, 67, 69, 70, 71, 72, 74, 75, 78, 79, 80, 81, 82, 83, 84, 85, 86, 87, 88, 89, 91, 92, 93, 95, 97, 98, 99, 100, 101, 102, 105, 106, 107], "missing_lines": [], "summary": {"covered_lines": 81, "missing_lines": 0, "percent_covered": 100.0}}, "XBrainLab\\ui\\panels\\training\\test_only_setting.py": {"executed_lines": [1, 3, 16, 17, 18, 21, 22, 26, 33, 35, 36, 37, 38, 40, 42, 43, 45, 46, 49, 50, 51, 52, 53, 54, 55, 58, 59, 60, 61, 62, 63, 64, 66, 69, 70, 72, 73, 74, 76, 78, 79, 80, 81, 83, 85, 86, 87, 88, 90, 97, 98, 99, 100, 101, 102, 104, 105, 106, 108, 116], "missing_lines": [], "summary": {"covered_lines": 60, "missing_lines": 0, "percent_covered": 100.0}}, "tests\\unit\\ui\\training\\test_training_manager.py": {"executed_lines": [1, 3, 4, 6, 7, 10, 11, 12, 13, 14, 15, 16, 17, 19, 20, 21, 22, 23, 25, 26, 27, 28, 30, 31, 33, 35, 36, 38, 40, 41, 42, 43, 44, 47, 48, 49, 51, 53, 54, 56, 57, 58, 60, 61, 62, 64, 66, 67, 68, 69, 70, 80, 82, 84, 85, 86], "missing_lines": [], "summary": {"covered_lines": 56, "missing_lines": 0, "percent_covered": 100.0}}, "XBrainLab\\ui\\panels\\training\\training_manager.py": {"executed_lines": [1, 3, 5, 6, 18, 19, 20, 21, 24, 25, 30, 38, 39, 41, 43, 46, 47, 48, 50, 53, 55, 56, 57, 60, 62, 66, 67, 68, 69, 70, 71, 72, 73, 76, 77, 89, 90, 91, 92, 93, 94, 97, 98, 101, 102, 103, 104, 106, 107, 108, 110, 112, 114, 116, 117, 118, 119, 120, 122, 125, 127, 129, 130, 131, 132, 133, 135, 137, 147, 157, 159, 160, 161, 163, 165, 166, 167, 168, 169, 171, 173, 174, 175, 176, 178, 180, 181, 183, 184, 185, 187, 190, 191, 192, 193, 194, 195, 198, 199, 200, 201, 202, 203, 205, 206, 207, 208, 210], "missing_lines": [51, 58, 139, 140, 141, 142, 143, 145, 149, 150, 151, 152, 153, 155], "summary": {"covered_lines": 108, "missing_lines": 14, "percent_covered": 88.52459016393442}}, "tests\\unit\\ui\\training\\test_training_panel.py": {"executed_lines": [1, 2, 4, 5, 7, 10, 13, 14, 15, 16, 17, 18, 19, 22, 23, 27, 28, 29, 30, 31, 35, 36, 39, 41, 42, 43, 44, 46, 47, 48, 49, 52, 59, 60, 61, 62, 64, 67, 68, 74, 76, 77, 78, 80, 83, 86, 87, 90, 94, 95, 96, 99, 103, 104, 105, 106, 108, 110, 111, 112, 115, 116, 117, 118, 120, 123, 126, 129, 133, 134, 135, 136, 138, 141, 143, 145, 148, 150, 151, 152, 153, 155, 158, 159, 160, 161, 163, 164, 165, 168, 169, 170], "missing_lines": [], "summary": {"covered_lines": 92, "missing_lines": 0, "percent_covered": 100.0}}, "tests\\unit\\ui\\training\\test_training_setting.py": {"executed_lines": [1, 3, 4, 6, 13, 14, 15, 16, 18, 21, 22, 23, 24, 26, 27, 28, 30, 31, 33, 34, 35, 36, 37, 38, 39, 40, 42, 44, 45, 46, 47, 48, 51, 52, 53, 54, 55, 58, 61, 62, 63, 66, 67, 68, 69, 70, 71, 73, 74, 75, 76, 78, 79, 80, 82, 84, 85, 88, 89, 90, 91, 92, 93, 94, 95, 96, 97, 98, 100, 104, 105, 106, 107, 109, 111, 112, 115, 116, 117, 118, 119, 120, 121, 122, 123, 124, 126, 128, 131, 132, 133, 135, 136, 138, 139, 140, 142, 143, 144, 146, 147, 148, 150, 151, 154, 155, 156, 157, 158, 159, 161, 162, 163, 165, 166, 167, 168, 170, 171, 172, 173, 174, 176, 177, 178, 180, 181, 182, 183, 184, 186, 187, 188], "missing_lines": [], "summary": {"covered_lines": 133, "missing_lines": 0, "percent_covered": 100.0}}, "tests\\unit\\ui\\training\\test_training_sidebar.py": {"executed_lines": [1, 3, 5, 8, 9, 10, 11, 13, 15, 16, 17, 20, 21, 22, 23, 24, 27, 29, 32, 33, 34, 40, 41, 42, 43, 48, 49, 50, 51, 54, 59, 60, 63, 64, 66, 67, 68, 71, 72, 76, 77], "missing_lines": [], "summary": {"covered_lines": 41, "missing_lines": 0, "percent_covered": 100.0}}, "tests\\unit\\ui\\visualization\\__init__.py": {"executed_lines": [], "missing_lines": [], "summary": {"covered_lines": 0, "missing_lines": 0, "percent_covered": 100.0}}, "tests\\unit\\ui\\visualization\\test_control_sidebar.py": {"executed_lines": [1, 2, 4, 5, 7, 10, 13, 14, 15, 16, 17, 18, 21, 22, 23, 26, 27, 28, 29, 30, 31, 34, 35, 36, 38, 39, 40, 41, 44, 45, 46, 48, 49, 50, 51, 52, 53, 54, 56, 57, 58, 60, 62, 63], "missing_lines": [], "summary": {"covered_lines": 44, "missing_lines": 0, "percent_covered": 100.0}}, "XBrainLab\\llm\\tools\\real\\backend_resolver.py": {"executed_lines": [1, 7, 9, 12, 13, 14, 15, 16, 17, 18, 21, 22, 37, 38, 39, 40, 43, 44, 45, 46, 47, 48, 51, 52, 53, 54, 57, 58, 69, 71, 72, 83, 85, 86, 98], "missing_lines": [], "summary": {"covered_lines": 35, "missing_lines": 0, "percent_covered": 100.0}}}, "summary": {"covered_lines": 28487, "missing_lines": 2228, "percent_covered": 92.74621520429757}}
