============================= test session starts =============================
platform win32 -- Python 3.11.9, pytest-8.4.2, pluggy-1.6.0 -- C:\Users\hxin\AppData\Local\pypoetry\Cache\virtualenvs\xbrainlab-nA2AC1bm-py3.11\Scripts\python.exe
cachedir: .pytest_cache
PyQt6 6.10.2 -- Qt runtime 6.10.1 -- Qt compiled 6.10.0
rootdir: C:\lab\XBrainLab
configfile: pytest.ini
testpaths: tests
plugins: anyio-4.12.1, cov-4.1.0, qt-4.5.0
collecting ... collected 2471 items / 1 error

=================================== ERRORS ====================================
______ ERROR collecting tests/unit/ui/training/test_training_manager.py _______
ImportError while importing test module 'C:\lab\XBrainLab\tests\unit\ui\training\test_training_manager.py'.
Hint: make sure your test modules/packages have valid Python names.
Traceback:
C:\Users\hxin\.pyenv\pyenv-win\versions\3.11.9\Lib\importlib\__init__.py:126: in import_module
    return _bootstrap._gcd_import(name[level:], package, level)
           ^^^^^^^^^^^^^^^^^^^^^^^^^^^^^^^^^^^^^^^^^^^^^^^^^^^^
tests\unit\ui\training\test_training_manager.py:7: in <module>
    from XBrainLab.ui.training.training_manager import TrainingManagerWindow
XBrainLab\ui\training\training_manager.py:20: in <module>
    from ..widget import PlotFigureWindow
E   ImportError: cannot import name 'PlotFigureWindow' from 'XBrainLab.ui.widget' (C:\lab\XBrainLab\XBrainLab\ui\widget\__init__.py)
============================== warnings summary ===============================
tests\unit\backend\training\test_training_plan.py:354
tests\unit\backend\training\test_training_plan.py:354
  C:\lab\XBrainLab\tests\unit\backend\training\test_training_plan.py:354: PytestUnknownMarkWarning: Unknown pytest.mark.timeout - is this a typo?  You can register custom marks to avoid this warning - for details, see https://docs.pytest.org/en/stable/how-to/mark.html
    @pytest.mark.timeout(10)

tests\unit\backend\training\test_training_plan.py:427
tests\unit\backend\training\test_training_plan.py:427
  C:\lab\XBrainLab\tests\unit\backend\training\test_training_plan.py:427: PytestUnknownMarkWarning: Unknown pytest.mark.timeout - is this a typo?  You can register custom marks to avoid this warning - for details, see https://docs.pytest.org/en/stable/how-to/mark.html
    @pytest.mark.timeout(10)

tests\unit\backend\training\test_training_plan.py:447
tests\unit\backend\training\test_training_plan.py:447
  C:\lab\XBrainLab\tests\unit\backend\training\test_training_plan.py:447: PytestUnknownMarkWarning: Unknown pytest.mark.timeout - is this a typo?  You can register custom marks to avoid this warning - for details, see https://docs.pytest.org/en/stable/how-to/mark.html
    @pytest.mark.timeout(10)

tests\unit\backend\training\test_training_plan.py:474
tests\unit\backend\training\test_training_plan.py:474
  C:\lab\XBrainLab\tests\unit\backend\training\test_training_plan.py:474: PytestUnknownMarkWarning: Unknown pytest.mark.timeout - is this a typo?  You can register custom marks to avoid this warning - for details, see https://docs.pytest.org/en/stable/how-to/mark.html
    @pytest.mark.timeout(10)

tests\unit\backend\training\test_training_plan.py:484
tests\unit\backend\training\test_training_plan.py:484
  C:\lab\XBrainLab\tests\unit\backend\training\test_training_plan.py:484: PytestUnknownMarkWarning: Unknown pytest.mark.timeout - is this a typo?  You can register custom marks to avoid this warning - for details, see https://docs.pytest.org/en/stable/how-to/mark.html
    @pytest.mark.timeout(10)

tests\unit\backend\training\test_training_plan.py:494
tests\unit\backend\training\test_training_plan.py:494
  C:\lab\XBrainLab\tests\unit\backend\training\test_training_plan.py:494: PytestUnknownMarkWarning: Unknown pytest.mark.timeout - is this a typo?  You can register custom marks to avoid this warning - for details, see https://docs.pytest.org/en/stable/how-to/mark.html
    @pytest.mark.timeout(10)

tests\unit\backend\training\test_training_plan.py:510
tests\unit\backend\training\test_training_plan.py:510
  C:\lab\XBrainLab\tests\unit\backend\training\test_training_plan.py:510: PytestUnknownMarkWarning: Unknown pytest.mark.timeout - is this a typo?  You can register custom marks to avoid this warning - for details, see https://docs.pytest.org/en/stable/how-to/mark.html
    @pytest.mark.timeout(10)

tests\unit\backend\training\test_training_plan.py:557
tests\unit\backend\training\test_training_plan.py:557
  C:\lab\XBrainLab\tests\unit\backend\training\test_training_plan.py:557: PytestUnknownMarkWarning: Unknown pytest.mark.timeout - is this a typo?  You can register custom marks to avoid this warning - for details, see https://docs.pytest.org/en/stable/how-to/mark.html
    @pytest.mark.timeout(10)

tests\unit\backend\training\test_training_plan.py:574
tests\unit\backend\training\test_training_plan.py:574
  C:\lab\XBrainLab\tests\unit\backend\training\test_training_plan.py:574: PytestUnknownMarkWarning: Unknown pytest.mark.timeout - is this a typo?  You can register custom marks to avoid this warning - for details, see https://docs.pytest.org/en/stable/how-to/mark.html
    @pytest.mark.timeout(10)

-- Docs: https://docs.pytest.org/en/stable/how-to/capture-warnings.html
=========================== short test summary info ===========================
ERROR tests/unit/ui/training/test_training_manager.py
!!!!!!!!!!!!!!!!!!! Interrupted: 1 error during collection !!!!!!!!!!!!!!!!!!!!
======================= 18 warnings, 1 error in 17.81s ========================
